Starting Server.
Loading board from file "standard.map"... OK
Opening port...OK. Port number is 7777.
This is a 2-player map.
Waiting client 1 to connect...OK
Waiting for group id of client 1...OK. Group ID is 0.
Waiting client 2 to connect...OK
Waiting for group id of client 2...OK. Group ID is 0.
Sending data to client 1...OK
Sending data to client 2...OK
[12:48:35] Game started.
      0 1 2 3 4 5 6 7 8 91011
    /------------------------
  0 | 0 0 0 0 0 0 0 0 0 0 0 0 
  1 | 0 0 0 0 0 0 0 0 0 0 0 0 
  2 | 0 0 0 0 0 0 0 0 0 0 0 0 
  3 | 0 0 0 0 0 0 0 0 0 0 0 0 
  4 | 0 0 0 0 0 0 0'0 0 0 0 0 
  5 | 0 0 0 0 0 1 2 0'0 0 0 0 
  6 | 0 0 0 0 0'2 1 0 0 0 0 0 
  7 | 0 0 0 0 0 0'0 0 0 0 0 0 
  8 | 0 0 0 0 0 0 0 0 0 0 0 0 
  9 | 0 0 0 0 0 0 0 0 0 0 0 0 
 10 | 0 0 0 0 0 0 0 0 0 0 0 0 
 11 | 0 0 0 0 0 0 0 0 0 0 0 0 
valid positions: 4


[12:48:35] Player 1 has 0 overrides and 0 bombs.
[12:48:35] Sending move request to player 1 with depth 9, time left: 0 msecs.
[12:48:35] Answer from player 1 for move 0 was (x,y,c) = (5,7,0); time left: 0 msecs.
      0 1 2 3 4 5 6 7 8 91011
    /------------------------
  0 | 0 0 0 0 0 0 0 0 0 0 0 0 
  1 | 0 0 0 0 0 0 0 0 0 0 0 0 
  2 | 0 0 0 0 0 0 0 0 0 0 0 0 
  3 | 0 0 0 0 0 0 0 0 0 0 0 0 
  4 | 0 0 0 0 0 0 0 0 0 0 0 0 
  5 | 0 0 0 0 0'1 2 0 0 0 0 0 
  6 | 0 0 0 0 0 1 1 0 0 0 0 0 
  7 | 0 0 0 0 0'1 0'0 0 0 0 0 
  8 | 0 0 0 0 0 0 0 0 0 0 0 0 
  9 | 0 0 0 0 0 0 0 0 0 0 0 0 
 10 | 0 0 0 0 0 0 0 0 0 0 0 0 
 11 | 0 0 0 0 0 0 0 0 0 0 0 0 
valid positions: 3


[12:48:36] Player 2 has 0 overrides and 0 bombs.
[12:48:36] Sending move request to player 2 with depth 9, time left: 0 msecs.
[12:48:36] Answer from player 2 for move 1 was (x,y,c) = (4,5,0); time left: 0 msecs.
      0 1 2 3 4 5 6 7 8 91011
    /------------------------
  0 | 0 0 0 0 0 0 0 0 0 0 0 0 
  1 | 0 0 0 0 0 0 0 0 0 0 0 0 
  2 | 0 0 0 0 0 0 0 0 0 0 0 0 
  3 | 0 0 0 0 0 0 0 0 0 0 0 0 
  4 | 0 0 0 0'0'0'0'0'0 0 0 0 
  5 | 0 0 0 0 2 2 2 0 0 0 0 0 
  6 | 0 0 0 0 0 1 1 0 0 0 0 0 
  7 | 0 0 0 0 0 1 0 0 0 0 0 0 
  8 | 0 0 0 0 0 0 0 0 0 0 0 0 
  9 | 0 0 0 0 0 0 0 0 0 0 0 0 
 10 | 0 0 0 0 0 0 0 0 0 0 0 0 
 11 | 0 0 0 0 0 0 0 0 0 0 0 0 
valid positions: 5


[12:48:36] Player 1 has 0 overrides and 0 bombs.
[12:48:36] Sending move request to player 1 with depth 9, time left: 0 msecs.
[12:48:36] Answer from player 1 for move 2 was (x,y,c) = (7,4,0); time left: 0 msecs.
      0 1 2 3 4 5 6 7 8 91011
    /------------------------
  0 | 0 0 0 0 0 0 0 0 0 0 0 0 
  1 | 0 0 0 0 0 0 0 0 0 0 0 0 
  2 | 0 0 0 0 0 0 0 0 0 0 0 0 
  3 | 0 0 0 0 0 0 0 0 0 0 0 0 
  4 | 0 0 0 0 0 0 0 1 0 0 0 0 
  5 | 0 0 0 0 2 2 1 0'0 0 0 0 
  6 | 0 0 0 0 0 1 1 0 0 0 0 0 
  7 | 0 0 0 0 0 1 0'0'0 0 0 0 
  8 | 0 0 0 0 0 0'0 0 0 0 0 0 
  9 | 0 0 0 0 0 0 0 0 0 0 0 0 
 10 | 0 0 0 0 0 0 0 0 0 0 0 0 
 11 | 0 0 0 0 0 0 0 0 0 0 0 0 
valid positions: 4


[12:48:36] Player 2 has 0 overrides and 0 bombs.
[12:48:36] Sending move request to player 2 with depth 9, time left: 0 msecs.
[12:48:36] Answer from player 2 for move 3 was (x,y,c) = (5,8,0); time left: 0 msecs.
      0 1 2 3 4 5 6 7 8 91011
    /------------------------
  0 | 0 0 0 0 0 0 0 0 0 0 0 0 
  1 | 0 0 0 0 0 0 0 0 0 0 0 0 
  2 | 0 0 0 0 0 0 0 0 0 0 0 0 
  3 | 0 0 0 0 0 0 0 0 0 0 0 0 
  4 | 0 0 0 0 0'0 0 1 0 0 0 0 
  5 | 0 0 0 0'2 2 1 0 0 0 0 0 
  6 | 0 0 0 0 0'2 1 0 0 0 0 0 
  7 | 0 0 0 0 0'2 0 0 0 0 0 0 
  8 | 0 0 0 0 0'2 0 0 0 0 0 0 
  9 | 0 0 0 0 0 0 0 0 0 0 0 0 
 10 | 0 0 0 0 0 0 0 0 0 0 0 0 
 11 | 0 0 0 0 0 0 0 0 0 0 0 0 
valid positions: 5


[12:48:36] Player 1 has 0 overrides and 0 bombs.
[12:48:36] Sending move request to player 1 with depth 9, time left: 0 msecs.
[12:48:36] Answer from player 1 for move 4 was (x,y,c) = (3,5,0); time left: 0 msecs.
      0 1 2 3 4 5 6 7 8 91011
    /------------------------
  0 | 0 0 0 0 0 0 0 0 0 0 0 0 
  1 | 0 0 0 0 0 0 0 0 0 0 0 0 
  2 | 0 0 0 0 0 0 0 0 0 0 0 0 
  3 | 0 0 0 0 0 0 0 0 0'0 0 0 
  4 | 0 0 0 0'0 0'0 1 0 0 0 0 
  5 | 0 0 0 1 1 1 1 0'0 0 0 0 
  6 | 0 0 0 0 0 2 1 0'0 0 0 0 
  7 | 0 0 0 0 0 2 0 0 0 0 0 0 
  8 | 0 0 0 0 0 2 0 0 0 0 0 0 
  9 | 0 0 0 0 0 0 0 0 0 0 0 0 
 10 | 0 0 0 0 0 0 0 0 0 0 0 0 
 11 | 0 0 0 0 0 0 0 0 0 0 0 0 
valid positions: 5


[12:48:36] Player 2 has 0 overrides and 0 bombs.
[12:48:36] Sending move request to player 2 with depth 9, time left: 0 msecs.
[12:48:36] Answer from player 2 for move 5 was (x,y,c) = (8,3,0); time left: 0 msecs.
      0 1 2 3 4 5 6 7 8 91011
    /------------------------
  0 | 0 0 0 0 0 0 0 0 0 0 0 0 
  1 | 0 0 0 0 0 0 0 0 0 0 0 0 
  2 | 0 0 0 0 0 0 0 0 0 0 0 0 
  3 | 0 0 0 0 0 0 0 0 2 0 0 0 
  4 | 0 0 0 0 0 0 0'2 0 0 0 0 
  5 | 0 0 0 1 1 1 2 0'0 0 0 0 
  6 | 0 0 0 0 0'2 1 0 0 0 0 0 
  7 | 0 0 0 0 0 2 0'0 0 0 0 0 
  8 | 0 0 0 0 0'2 0 0 0 0 0 0 
  9 | 0 0 0 0 0 0'0 0 0 0 0 0 
 10 | 0 0 0 0 0 0 0 0 0 0 0 0 
 11 | 0 0 0 0 0 0 0 0 0 0 0 0 
valid positions: 6


[12:48:36] Player 1 has 0 overrides and 0 bombs.
[12:48:36] Sending move request to player 1 with depth 9, time left: 0 msecs.
[12:48:36] Answer from player 1 for move 6 was (x,y,c) = (5,9,0); time left: 0 msecs.
      0 1 2 3 4 5 6 7 8 91011
    /------------------------
  0 | 0 0 0 0 0 0 0 0 0 0 0 0 
  1 | 0 0 0 0 0 0 0 0 0 0 0 0 
  2 | 0 0 0 0 0 0 0 0 0 0 0 0 
  3 | 0 0 0 0 0 0 0 0 2 0 0 0 
  4 | 0 0 0 0 0 0 0 2 0 0 0 0 
  5 | 0 0 0'1 1 1 2 0 0 0 0 0 
  6 | 0 0 0 0 0 1 1 0 0 0 0 0 
  7 | 0 0 0 0 0'1 0'0 0 0 0 0 
  8 | 0 0 0 0 0 1 0 0 0 0 0 0 
  9 | 0 0 0 0 0 1 0 0 0 0 0 0 
 10 | 0 0 0 0 0 0 0 0 0 0 0 0 
 11 | 0 0 0 0 0 0 0 0 0 0 0 0 
valid positions: 3


[12:48:36] Player 2 has 0 overrides and 0 bombs.
[12:48:36] Sending move request to player 2 with depth 9, time left: 0 msecs.
[12:48:37] Answer from player 2 for move 7 was (x,y,c) = (2,5,0); time left: 0 msecs.
      0 1 2 3 4 5 6 7 8 91011
    /------------------------
  0 | 0 0 0 0 0 0 0 0 0 0 0 0 
  1 | 0 0 0 0 0 0 0 0 0 0 0 0 
  2 | 0 0 0 0 0 0 0 0 0 0'0 0 
  3 | 0 0 0 0 0 0 0 0 2 0 0 0 
  4 | 0 0 0 0'0'0'0'2 0 0 0 0 
  5 | 0 0 2 2 2 2 2 0 0 0 0 0 
  6 | 0 0 0 0 0 1 1 0 0 0 0 0 
  7 | 0 0 0 0 0 1 0 0 0 0 0 0 
  8 | 0 0 0 0 0 1 0 0 0 0 0 0 
  9 | 0 0 0 0 0 1 0 0 0 0 0 0 
 10 | 0 0 0 0 0 0 0 0 0 0 0 0 
 11 | 0 0 0 0 0 0 0 0 0 0 0 0 
valid positions: 5


[12:48:37] Player 1 has 0 overrides and 0 bombs.
[12:48:37] Sending move request to player 1 with depth 9, time left: 0 msecs.
[12:48:37] Answer from player 1 for move 8 was (x,y,c) = (9,2,0); time left: 0 msecs.
      0 1 2 3 4 5 6 7 8 91011
    /------------------------
  0 | 0 0 0 0 0 0 0 0 0 0 0 0 
  1 | 0 0 0 0 0 0 0 0 0 0 0 0 
  2 | 0 0 0 0 0 0 0 0 0 1 0 0 
  3 | 0 0 0 0 0 0 0 0 1 0 0 0 
  4 | 0 0 0 0 0 0 0 1 0 0 0 0 
  5 | 0 0 2 2 2 2 1 0'0 0 0 0 
  6 | 0 0 0 0 0 1 1 0 0 0 0 0 
  7 | 0 0 0 0 0 1 0'0'0 0 0 0 
  8 | 0 0 0 0 0 1 0 0 0 0 0 0 
  9 | 0 0 0 0 0 1 0 0 0 0 0 0 
 10 | 0 0 0 0 0 0'0 0 0 0 0 0 
 11 | 0 0 0 0 0 0 0 0 0 0 0 0 
valid positions: 4


[12:48:37] Player 2 has 0 overrides and 0 bombs.
[12:48:37] Sending move request to player 2 with depth 9, time left: 0 msecs.
[12:48:37] Answer from player 2 for move 9 was (x,y,c) = (7,5,0); time left: 0 msecs.
      0 1 2 3 4 5 6 7 8 91011
    /------------------------
  0 | 0 0 0 0 0 0 0 0 0 0 0 0 
  1 | 0 0 0 0 0 0 0 0 0 0 0 0 
  2 | 0 0 0 0 0 0 0 0 0 1 0 0 
  3 | 0 0 0 0 0 0 0 0 1 0 0 0 
  4 | 0 0 0 0'0'0'0'1 0'0 0 0 
  5 | 0 0 2 2 2 2 2 2 0 0 0 0 
  6 | 0 0 0 0 0 1 1 0'0 0 0 0 
  7 | 0 0 0 0 0 1 0 0 0 0 0 0 
  8 | 0 0 0 0 0 1 0 0 0 0 0 0 
  9 | 0 0 0 0 0 1 0 0 0 0 0 0 
 10 | 0 0 0 0 0 0 0 0 0 0 0 0 
 11 | 0 0 0 0 0 0 0 0 0 0 0 0 
valid positions: 6


[12:48:37] Player 1 has 0 overrides and 0 bombs.
[12:48:37] Sending move request to player 1 with depth 9, time left: 0 msecs.
[12:48:37] Answer from player 1 for move 10 was (x,y,c) = (7,6,0); time left: 0 msecs.
      0 1 2 3 4 5 6 7 8 91011
    /------------------------
  0 | 0 0 0 0 0 0 0 0 0 0 0 0 
  1 | 0 0 0 0 0 0 0 0 0 0 0'0 
  2 | 0 0 0 0 0 0 0 0 0 1 0 0 
  3 | 0 0 0 0 0 0 0 0 1 0 0 0 
  4 | 0 0 0 0 0 0 0 1 0 0 0 0 
  5 | 0 0 2 2 2 2 2 1 0'0 0 0 
  6 | 0 0 0 0 0 1 1 1 0 0 0 0 
  7 | 0 0 0 0 0'1 0'0'0'0 0 0 
  8 | 0 0 0 0 0 1 0 0 0 0 0 0 
  9 | 0 0 0 0 0 1 0 0 0 0 0 0 
 10 | 0 0 0 0 0 0'0 0 0 0 0 0 
 11 | 0 0 0 0 0 0 0 0 0 0 0 0 
valid positions: 7


[12:48:37] Player 2 has 0 overrides and 0 bombs.
[12:48:37] Sending move request to player 2 with depth 9, time left: 0 msecs.
[12:48:38] Answer from player 2 for move 11 was (x,y,c) = (6,7,0); time left: 0 msecs.
      0 1 2 3 4 5 6 7 8 91011
    /------------------------
  0 | 0 0 0 0 0 0 0 0 0 0 0 0 
  1 | 0 0 0 0 0 0 0 0 0 0 0 0 
  2 | 0 0 0 0 0 0 0 0 0 1 0 0 
  3 | 0 0 0 0 0 0 0 0 1 0 0 0 
  4 | 0 0 0 0 0 0'0 1 0 0 0 0 
  5 | 0 0'2 2 2 2 2 1 0 0 0 0 
  6 | 0 0 0 0 0'2 2 1 0 0 0 0 
  7 | 0 0 0 0 0'1 2 0'0 0 0 0 
  8 | 0 0 0 0 0 1 0 0 0 0 0 0 
  9 | 0 0 0 0 0 1 0 0 0 0 0 0 
 10 | 0 0 0 0 0 0 0 0 0 0 0 0 
 11 | 0 0 0 0 0 0 0 0 0 0 0 0 
valid positions: 5


[12:48:38] Player 1 has 0 overrides and 0 bombs.
[12:48:38] Sending move request to player 1 with depth 9, time left: 0 msecs.
[12:48:38] Answer from player 1 for move 12 was (x,y,c) = (1,5,0); time left: 0 msecs.
      0 1 2 3 4 5 6 7 8 91011
    /------------------------
  0 | 0 0 0 0 0 0 0 0 0 0 0 0 
  1 | 0 0 0 0 0 0 0 0 0 0 0'0 
  2 | 0 0 0 0 0 0 0 0 0 1 0 0 
  3 | 0 0 0 0 0 0 0 0 1 0 0 0 
  4 | 0 0 0 0'0'0'0'1 0'0 0 0 
  5 | 0 1 1 1 1 1 1 1 0'0 0 0 
  6 | 0 0 0 0 0 2 2 1 0'0 0 0 
  7 | 0 0 0 0 0'1 2 0 0 0 0 0 
  8 | 0 0 0 0 0'1 0 0 0 0 0 0 
  9 | 0 0 0 0 0'1 0 0 0 0 0 0 
 10 | 0 0 0 0 0 0'0 0 0 0 0 0 
 11 | 0 0 0 0 0 0 0 0 0 0 0 0 
valid positions: 12


[12:48:38] Player 2 has 0 overrides and 0 bombs.
[12:48:38] Sending move request to player 2 with depth 9, time left: 0 msecs.
[12:48:39] Answer from player 2 for move 13 was (x,y,c) = (10,1,0); time left: 0 msecs.
      0 1 2 3 4 5 6 7 8 91011
    /------------------------
  0 | 0 0 0 0 0 0 0 0 0 0 0 0 
  1 | 0 0 0 0 0 0 0 0 0 0 2 0 
  2 | 0 0 0 0 0 0 0 0 0 2 0 0 
  3 | 0 0 0 0 0 0 0 0'2 0 0 0 
  4 | 0 0 0 0 0 0'0 2 0 0 0 0 
  5 | 0 1 1 1 1 1 2 1 0 0 0 0 
  6 | 0 0 0 0 0'2 2 1 0 0 0 0 
  7 | 0 0 0 0 0 1 2 0'0 0 0 0 
  8 | 0 0 0 0 0 1 0 0'0 0 0 0 
  9 | 0 0 0 0 0 1 0 0 0 0 0 0 
 10 | 0 0 0 0 0 0 0 0 0 0 0 0 
 11 | 0 0 0 0 0 0 0 0 0 0 0 0 
valid positions: 5


[12:48:39] Player 1 has 0 overrides and 0 bombs.
[12:48:39] Sending move request to player 1 with depth 9, time left: 0 msecs.
[12:48:39] Answer from player 1 for move 14 was (x,y,c) = (5,4,0); time left: 0 msecs.
      0 1 2 3 4 5 6 7 8 91011
    /------------------------
  0 | 0 0 0 0 0 0 0 0 0 0 0 0 
  1 | 0 0 0 0 0 0 0 0 0 0 2 0 
  2 | 0 0 0 0 0 0 0 0 0 2 0 0 
  3 | 0 0 0 0 0 0'0 0 2 0 0 0 
  4 | 0 0 0 0'0'1 0'2 0'0 0 0 
  5 | 0 1 1 1 1 1 1 1 0'0 0 0 
  6 | 0 0 0 0 0 2 2 1 0'0 0 0 
  7 | 0 0 0 0 0'1 2 0'0 0 0 0 
  8 | 0 0 0 0 0'1 0 0 0 0 0 0 
  9 | 0 0 0 0 0'1 0 0 0 0 0 0 
 10 | 0 0 0 0 0 0'0 0 0 0 0 0 
 11 | 0 0 0 0 0 0 0 0 0 0 0 0 
valid positions: 12


[12:48:39] Player 2 has 0 overrides and 0 bombs.
[12:48:39] Sending move request to player 2 with depth 9, time left: 0 msecs.
[12:48:40] Answer from player 2 for move 15 was (x,y,c) = (5,3,0); time left: 0 msecs.
      0 1 2 3 4 5 6 7 8 91011
    /------------------------
  0 | 0 0 0 0 0 0 0 0 0 0 0 0'
  1 | 0 0 0 0 0 0 0 0 0 0 2 0 
  2 | 0 0 0 0 0 0'0 0 0 2 0 0 
  3 | 0 0 0 0 0'2 0'0'2 0 0 0 
  4 | 0 0 0 0 0 2 0 2 0 0 0 0 
  5 | 0 1 1 1 1 2 1 1 0 0 0 0 
  6 | 0 0 0 0 0'2 2 1 0 0 0 0 
  7 | 0 0 0 0 0'1 2 0'0 0 0 0 
  8 | 0 0 0 0 0 1 0'0'0 0 0 0 
  9 | 0 0 0 0 0 1 0 0 0 0 0 0 
 10 | 0 0 0 0 0 0 0 0 0 0 0 0 
 11 | 0 0 0 0 0 0 0 0 0 0 0 0 
valid positions: 10


[12:48:40] Player 1 has 0 overrides and 0 bombs.
[12:48:40] Sending move request to player 1 with depth 9, time left: 0 msecs.
[12:48:41] Answer from player 1 for move 16 was (x,y,c) = (5,2,0); time left: 0 msecs.
      0 1 2 3 4 5 6 7 8 91011
    /------------------------
  0 | 0 0 0 0 0 0 0 0 0 0 0 0 
  1 | 0 0 0 0 0 0 0 0 0 0 2 0 
  2 | 0 0 0 0 0 1 0 0 0 2 0 0 
  3 | 0 0 0 0 0 1 0 0 2 0 0 0 
  4 | 0 0 0 0'0'1 0'2 0'0 0 0 
  5 | 0 1 1 1 1 1 1 1 0'0 0 0 
  6 | 0 0 0 0 0'1 2 1 0'0 0 0 
  7 | 0 0 0 0 0'1 2 0'0 0 0 0 
  8 | 0 0 0 0 0'1 0 0 0 0 0 0 
  9 | 0 0 0 0 0'1 0 0 0 0 0 0 
 10 | 0 0 0 0 0 0 0 0 0 0 0 0 
 11 | 0 0 0 0 0 0 0 0 0 0 0 0 
valid positions: 11


[12:48:41] Player 2 has 0 overrides and 0 bombs.
[12:48:41] Sending move request to player 2 with depth 9, time left: 0 msecs.
[12:48:41] Answer from player 2 for move 17 was (x,y,c) = (4,7,0); time left: 0 msecs.
      0 1 2 3 4 5 6 7 8 91011
    /------------------------
  0 | 0 0 0 0 0 0 0 0 0 0 0 0 
  1 | 0 0 0 0 0 0 0 0 0 0 2 0 
  2 | 0 0 0 0 0 1 0 0 0 2 0 0 
  3 | 0 0 0 0 0 1 0 0'2 0 0 0 
  4 | 0 0 0 0 0 1 0 2 0 0 0 0 
  5 | 0 1 1 1 1 1 2 1 0 0 0 0 
  6 | 0 0 0 0'0'2 2 1 0 0 0 0 
  7 | 0 0 0 0 2 2 2 0'0 0 0 0 
  8 | 0 0 0 0 0'1 0 0'0 0 0 0 
  9 | 0 0 0 0 0 1 0 0 0 0 0 0 
 10 | 0 0 0 0 0 0 0 0 0 0 0 0 
 11 | 0 0 0 0 0 0 0 0 0 0 0 0 
valid positions: 6


[12:48:41] Player 1 has 0 overrides and 0 bombs.
[12:48:41] Sending move request to player 1 with depth 9, time left: 0 msecs.
[12:48:42] Answer from player 1 for move 18 was (x,y,c) = (4,6,0); time left: 0 msecs.
      0 1 2 3 4 5 6 7 8 91011
    /------------------------
  0 | 0 0 0 0 0 0 0 0 0 0 0 0 
  1 | 0 0 0 0 0 0'0 0 0 0 2 0 
  2 | 0 0 0 0 0 1 0 0 0 2 0 0 
  3 | 0 0 0 0 0'1 0 0 2 0 0 0 
  4 | 0 0 0'0'0'1 0 2 0'0 0 0 
  5 | 0'1 1 1 1 1 2 1 0'0 0 0 
  6 | 0 0 0 0 1 1 1 1 0 0 0 0 
  7 | 0 0 0 0 2 2 2 0'0'0 0 0 
  8 | 0 0 0 0 0 1 0 0 0 0 0 0 
  9 | 0 0 0 0 0'1 0'0 0 0 0 0 
 10 | 0 0 0 0 0 0'0 0 0 0 0 0 
 11 | 0 0 0 0 0 0 0 0 0 0 0 0 
valid positions: 13


[12:48:42] Player 2 has 0 overrides and 0 bombs.
[12:48:42] Sending move request to player 2 with depth 9, time left: 0 msecs.
[12:48:43] Answer from player 2 for move 19 was (x,y,c) = (0,5,0); time left: 0 msecs.
      0 1 2 3 4 5 6 7 8 91011
    /------------------------
  0 | 0 0 0 0 0 0 0 0 0 0 0 0'
  1 | 0 0 0 0 0 0 0 0 0 0 2 0 
  2 | 0 0 0 0 0 1 0 0 0 2 0 0 
  3 | 0 0 0 0 0 1 0 0'2 0 0 0 
  4 | 0 0 0'0'0'1 0'2 0 0 0 0 
  5 | 2 2 2 2 2 2 2 1 0 0 0 0 
  6 | 0 0 0 0'1 1 1 1 0 0 0 0 
  7 | 0 0 0 0 2 2 2 0 0 0 0 0 
  8 | 0 0 0 0'0'1 0'0'0 0 0 0 
  9 | 0 0 0 0 0 1 0 0 0 0 0 0 
 10 | 0 0 0 0 0 0 0 0 0 0 0 0 
 11 | 0 0 0 0 0 0 0 0 0 0 0 0 
valid positions: 11


[12:48:43] Player 1 has 0 overrides and 0 bombs.
[12:48:43] Sending move request to player 1 with depth 9, time left: 0 msecs.
[12:48:45] Answer from player 1 for move 20 was (x,y,c) = (11,0,0); time left: 0 msecs.
      0 1 2 3 4 5 6 7 8 91011
    /------------------------
  0 | 0 0 0 0 0 0 0 0 0 0 0 1 
  1 | 0 0 0 0 0 0'0 0 0 0 1 0 
  2 | 0 0 0 0 0 1 0 0 0 1 0 0 
  3 | 0 0 0 0 0 1 0'0 1 0 0 0 
  4 | 0 0 0 0 0 1 0'1 0'0 0 0 
  5 | 2 2 2 2 2 2 1 1 0'0 0 0 
  6 | 0 0 0 0 1 1 1 1 0 0 0 0 
  7 | 0 0 0 0'2 2 2 0'0 0 0 0 
  8 | 0 0 0 0 0 1 0 0 0 0 0 0 
  9 | 0 0 0 0 0'1 0'0 0 0 0 0 
 10 | 0 0 0 0 0 0'0 0 0 0 0 0 
 11 | 0 0 0 0 0 0 0 0 0 0 0 0 
valid positions: 10


[12:48:45] Player 2 has 0 overrides and 0 bombs.
[12:48:45] Sending move request to player 2 with depth 9, time left: 0 msecs.
[12:48:46] Answer from player 2 for move 21 was (x,y,c) = (8,5,0); time left: 0 msecs.
      0 1 2 3 4 5 6 7 8 91011
    /------------------------
  0 | 0 0 0 0 0 0 0 0 0 0 0 1 
  1 | 0 0 0 0 0 0 0 0 0 0 1 0 
  2 | 0 0 0 0 0 1 0 0 0 1 0 0 
  3 | 0 0 0 0 0 1 0 0 1 0 0 0 
  4 | 0 0 0'0'0'1 0'1 0'0'0 0 
  5 | 2 2 2 2 2 2 2 2 2 0 0 0 
  6 | 0 0 0 0'1 1 1 2 0'0'0 0 
  7 | 0 0 0 0 2 2 2 0'0'0 0 0 
  8 | 0 0 0 0'0'1 0'0'0 0 0 0 
  9 | 0 0 0 0 0 1 0 0 0 0 0 0 
 10 | 0 0 0 0 0 0 0 0 0 0 0 0 
 11 | 0 0 0 0 0 0 0 0 0 0 0 0 
valid positions: 15


[12:48:47] Player 1 has 0 overrides and 0 bombs.
[12:48:47] Sending move request to player 1 with depth 9, time left: 0 msecs.
[12:48:49] Answer from player 1 for move 22 was (x,y,c) = (9,4,0); time left: 0 msecs.
      0 1 2 3 4 5 6 7 8 91011
    /------------------------
  0 | 0 0 0 0 0 0 0 0 0 0 0 1 
  1 | 0 0 0 0 0 0'0 0 0 0 1 0 
  2 | 0 0 0 0 0 1 0 0 0 1 0 0 
  3 | 0 0 0 0 0'1 0'0'1 0 0 0 
  4 | 0 0 0 0 0 1 0 1 0 1 0 0 
  5 | 2 2 2 2 2 2 2 2 1 0'0 0 
  6 | 0 0 0 0 1 1 1 1 0 0 0 0 
  7 | 0 0 0 0'2 2 1 0'0'0 0 0 
  8 | 0 0 0 0 0 1 0'0'0 0 0 0 
  9 | 0 0 0 0 0 1 0'0 0 0 0 0 
 10 | 0 0 0 0 0 0'0 0 0 0 0 0 
 11 | 0 0 0 0 0 0 0 0 0 0 0 0 
valid positions: 12


[12:48:49] Player 2 has 0 overrides and 0 bombs.
[12:48:49] Sending move request to player 2 with depth 9, time left: 0 msecs.
[12:48:51] Answer from player 2 for move 23 was (x,y,c) = (6,8,0); time left: 0 msecs.
      0 1 2 3 4 5 6 7 8 91011
    /------------------------
  0 | 0 0 0 0 0 0 0 0 0 0 0 1 
  1 | 0 0 0 0 0 0 0 0 0 0 1 0 
  2 | 0 0 0 0 0 1 0 0 0 1 0 0 
  3 | 0 0 0 0 0 1 0 0 1 0 0 0 
  4 | 0 0 0'0'0'1 0'1 0 1 0 0 
  5 | 2 2 2 2 2 2 2 2 1 0 0 0 
  6 | 0 0 0 0'1 1 2 1 0 0 0 0 
  7 | 0 0 0 0 2 2 2 0'0 0 0 0 
  8 | 0 0 0 0'0'1 2 0'0 0 0 0 
  9 | 0 0 0 0 0 1 0 0'0 0 0 0 
 10 | 0 0 0 0 0 0 0 0 0 0 0 0 
 11 | 0 0 0 0 0 0 0 0 0 0 0 0 
valid positions: 10


[12:48:51] Player 1 has 0 overrides and 0 bombs.
[12:48:51] Sending move request to player 1 with depth 9, time left: 0 msecs.
[12:48:52] Answer from player 1 for move 24 was (x,y,c) = (7,8,0); time left: 0 msecs.
      0 1 2 3 4 5 6 7 8 91011
    /------------------------
  0 | 0 0 0 0 0 0 0 0 0 0 0 1 
  1 | 0 0 0 0 0 0'0 0 0 0 1 0 
  2 | 0 0 0 0 0 1 0 0 0 1 0 0 
  3 | 0 0 0 0 0'1 0'0'1 0 0 0 
  4 | 0 0 0 0 0 1 0 1 0 1 0 0 
  5 | 2 2 2 2 2 2 2 2 1 0'0 0 
  6 | 0 0 0 0'1 1 2 1 0'0 0 0 
  7 | 0 0 0 0'2 2 1 0'0'0 0 0 
  8 | 0 0 0 0 0 1 1 1 0 0 0 0 
  9 | 0 0 0 0 0 1 0'0'0'0 0 0 
 10 | 0 0 0 0 0 0'0 0 0 0 0 0 
 11 | 0 0 0 0 0 0 0 0 0 0 0 0 
valid positions: 14


[12:48:52] Player 2 has 0 overrides and 0 bombs.
[12:48:52] Sending move request to player 2 with depth 9, time left: 0 msecs.
[12:48:55] Answer from player 2 for move 25 was (x,y,c) = (6,9,0); time left: 0 msecs.
      0 1 2 3 4 5 6 7 8 91011
    /------------------------
  0 | 0 0 0 0 0 0 0 0 0 0 0 1 
  1 | 0 0 0 0 0 0 0 0 0 0 1 0 
  2 | 0 0 0 0 0 1 0 0 0 1 0 0 
  3 | 0 0 0 0 0 1 0 0 1 0 0 0 
  4 | 0 0 0'0'0'1 0'1 0 1 0 0 
  5 | 2 2 2 2 2 2 2 2 1 0 0 0 
  6 | 0 0 0 0'1 1 2 1 0 0 0 0 
  7 | 0 0 0 0 2 2 2 0'0 0 0 0 
  8 | 0 0 0 0'0'2 2 1 0 0 0 0 
  9 | 0 0 0 0 0'1 2 0'0 0 0 0 
 10 | 0 0 0 0 0 0'0 0 0 0 0 0 
 11 | 0 0 0 0 0 0 0 0 0 0 0 0 
valid positions: 11


[12:48:55] Player 1 has 0 overrides and 0 bombs.
[12:48:55] Sending move request to player 1 with depth 9, time left: 0 msecs.
[12:48:57] Answer from player 1 for move 26 was (x,y,c) = (7,9,0); time left: 0 msecs.
      0 1 2 3 4 5 6 7 8 91011
    /------------------------
  0 | 0 0 0 0 0 0 0 0 0 0 0 1 
  1 | 0 0 0 0 0 0'0 0 0 0 1 0 
  2 | 0 0 0 0 0 1 0 0 0 1 0 0 
  3 | 0 0 0 0 0'1 0'0'1 0 0'0 
  4 | 0 0 0 0 0 1 0 1 0 1 0 0 
  5 | 2 2 2 2 2 2 2 2 1 0'0 0 
  6 | 0 0 0 0'1 1 2 1 0'0 0 0 
  7 | 0 0 0 0'2 1 2 0'0'0 0 0 
  8 | 0 0 0 0 0'2 1 1 0'0 0 0 
  9 | 0 0 0 0 0 1 1 1 0'0 0 0 
 10 | 0 0 0 0 0 0'0'0'0'0 0 0 
 11 | 0 0 0 0 0 0 0 0 0 0 0 0 
valid positions: 18


[12:48:57] Player 2 has 0 overrides and 0 bombs.
[12:48:57] Sending move request to player 2 with depth 9, time left: 0 msecs.
[12:49:01] Answer from player 2 for move 27 was (x,y,c) = (8,10,0); time left: 0 msecs.
      0 1 2 3 4 5 6 7 8 91011
    /------------------------
  0 | 0 0 0 0 0 0 0 0 0 0 0 1 
  1 | 0 0 0 0 0 0 0 0 0 0 1 0 
  2 | 0 0 0 0 0 1 0 0 0 1 0 0 
  3 | 0 0 0 0 0 1 0 0 1 0 0 0 
  4 | 0 0 0 0'0 1 0'1 0 1 0 0 
  5 | 2 2 2 2 2 2 2 2 1 0 0 0 
  6 | 0 0 0 0'2 1 2 1 0 0 0 0 
  7 | 0 0 0 0 2 2 2 0'0 0 0 0 
  8 | 0 0 0 0'0'2 2 1 0 0 0 0 
  9 | 0 0 0 0 0'1 1 2 0'0 0 0 
 10 | 0 0 0 0 0 0 0 0'2 0 0 0 
 11 | 0 0 0 0 0 0 0 0 0 0 0 0 
valid positions: 9


[12:49:01] Player 1 has 0 overrides and 0 bombs.
[12:49:01] Sending move request to player 1 with depth 9, time left: 0 msecs.
[12:49:02] Answer from player 1 for move 28 was (x,y,c) = (3,6,0); time left: 0 msecs.
      0 1 2 3 4 5 6 7 8 91011
    /------------------------
  0 | 0 0 0 0 0 0 0 0 0 0 0 1 
  1 | 0 0 0 0 0 0'0 0 0 0 1 0 
  2 | 0 0 0 0 0 1 0 0 0 1 0 0 
  3 | 0 0 0 0 0'1 0 0'1 0 0'0 
  4 | 0 0 0 0'0 1 0 1 0 1 0 0 
  5 | 2 2 2 2 1 2 2 2 1 0'0 0 
  6 | 0 0 0'1 1 1 2 1 0'0 0 0 
  7 | 0 0 0 0'1 2 2 0'0'0 0 0 
  8 | 0 0 0 0'0'1 2 1 0'0 0 0 
  9 | 0 0 0 0 0'1 1 2 0'0 0 0 
 10 | 0 0 0 0 0'0'0'0'2 0 0 0 
 11 | 0 0 0 0 0 0 0 0 0 0 0 0 
valid positions: 20


[12:49:03] Player 2 has 0 overrides and 0 bombs.
[12:49:03] Sending move request to player 2 with depth 9, time left: 0 msecs.
[12:49:07] Answer from player 2 for move 29 was (x,y,c) = (7,10,0); time left: 0 msecs.
      0 1 2 3 4 5 6 7 8 91011
    /------------------------
  0 | 0 0 0 0 0 0 0 0 0 0 0 1 
  1 | 0 0 0 0 0 0 0 0 0 0 1 0 
  2 | 0 0 0 0 0 1 0 0 0 1 0 0 
  3 | 0 0 0 0 0 1 0 0 1 0 0 0 
  4 | 0 0 0'0 0 1 0'1 0 1 0 0 
  5 | 2 2 2 2 1 2 2 2 1 0 0 0 
  6 | 0 0 0'2 1 1 2 1 0 0 0 0 
  7 | 0 0 0'0 2 2 2 0'0 0 0 0 
  8 | 0 0 0 0'0'2 2 1 0 0 0 0 
  9 | 0 0 0 0 0'1 2 2 0'0 0 0 
 10 | 0 0 0 0 0 0'0 2 2 0 0 0 
 11 | 0 0 0 0 0 0 0 0'0 0'0 0 
valid positions: 12


[12:49:07] Player 1 has 0 overrides and 0 bombs.
[12:49:07] Sending move request to player 1 with depth 9, time left: 0 msecs.
[12:49:13] Answer from player 1 for move 30 was (x,y,c) = (9,11,0); time left: 0 msecs.
      0 1 2 3 4 5 6 7 8 91011
    /------------------------
  0 | 0 0 0 0 0 0 0 0 0 0 0 1 
  1 | 0 0 0 0 0 0'0 0 0 0 1 0 
  2 | 0 0 0 0 0 1 0 0 0 1 0 0 
  3 | 0 0 0 0 0'1 0'0'1 0 0'0 
  4 | 0 0 0 0'0'1 0 1 0 1 0 0 
  5 | 2 2 2 2 1 2 2 2 1 0'0 0 
  6 | 0 0 0 2 1 1 2 1 0'0 0 0 
  7 | 0 0 0 0'2 1 2 0'0'0 0 0 
  8 | 0 0 0 0 0'2 1 1 0'0 0 0 
  9 | 0 0 0 0 0'1 2 1 0'0 0 0 
 10 | 0 0 0 0 0 0'0 2 1 0'0 0 
 11 | 0 0 0 0 0 0 0 0 0 1 0 0 
valid positions: 18


[12:49:13] Player 2 has 0 overrides and 0 bombs.
[12:49:13] Sending move request to player 2 with depth 9, time left: 0 msecs.
[12:49:20] Answer from player 2 for move 31 was (x,y,c) = (10,3,0); time left: 0 msecs.
      0 1 2 3 4 5 6 7 8 91011
    /------------------------
  0 | 0 0 0 0 0 0 0 0 0 0 0 1 
  1 | 0 0 0 0 0 0 0 0 0 0 1 0 
  2 | 0 0 0 0 0 1 0 0 0 1 0 0 
  3 | 0 0 0 0 0 1 0 0 1 0 2 0 
  4 | 0 0 0'0 0 1 0'1 0'2 0 0'
  5 | 2 2 2 2 1 2 2 2 2 0'0'0 
  6 | 0 0 0'2 1 1 2 2 0'0'0 0 
  7 | 0 0 0'0'2 1 2 0'0'0 0 0 
  8 | 0 0 0 0'0'2 1 1 0 0 0 0 
  9 | 0 0 0 0 0 1 2 1 0 0 0 0 
 10 | 0 0 0 0 0 0'0'2 1 0 0 0 
 11 | 0 0 0 0 0 0 0 0'0 1 0 0 
valid positions: 18


[12:49:20] Player 1 has 0 overrides and 0 bombs.
[12:49:20] Sending move request to player 1 with depth 9, time left: 0 msecs.
[12:49:27] Answer from player 1 for move 32 was (x,y,c) = (9,5,0); time left: 0 msecs.
      0 1 2 3 4 5 6 7 8 91011
    /------------------------
  0 | 0 0 0 0 0 0 0 0 0 0 0 1 
  1 | 0 0 0 0 0 0'0 0 0'0 1 0 
  2 | 0 0 0 0 0 1 0 0'0 1 0 0 
  3 | 0 0 0 0 0'1 0'0'1 0 2 0 
  4 | 0 0 0 0'0'1 0'1 0'2 0 0 
  5 | 2 2 2 2 1 1 1 1 1 1 0'0 
  6 | 0 0 0 2 1 1 2 2 0 0'0 0 
  7 | 0 0 0 0 2 1 2 0'0'0 0 0 
  8 | 0 0 0 0 0'2 1 1 0'0 0 0 
  9 | 0 0 0 0 0'1 2 1 0'0 0 0 
 10 | 0 0 0 0 0 0'0 2 1 0'0 0 
 11 | 0 0 0 0 0 0 0 0 0 1 0 0 
valid positions: 20


[12:49:27] Player 2 has 0 overrides and 0 bombs.
[12:49:27] Sending move request to player 2 with depth 9, time left: 0 msecs.
[12:49:38] Answer from player 2 for move 33 was (x,y,c) = (6,3,0); time left: 0 msecs.
      0 1 2 3 4 5 6 7 8 91011
    /------------------------
  0 | 0 0 0 0 0 0 0 0 0 0 0 1 
  1 | 0 0 0 0 0 0 0 0 0 0 1 0 
  2 | 0 0 0 0 0 1 0 0 0 1 0 0'
  3 | 0 0 0 0 0'1 2 0'1 0'2 0 
  4 | 0 0 0'0'0'2 0 1 0 2 0 0'
  5 | 2 2 2 2 2 1 1 1 1 1 0'0 
  6 | 0 0 0'2 1 1 2 2 0'0 0 0 
  7 | 0 0 0 0'2 1 2 0'0'0 0 0 
  8 | 0 0 0 0'0'2 1 1 0 0 0 0 
  9 | 0 0 0 0 0'1 2 1 0 0 0 0 
 10 | 0 0 0 0 0 0'0'2 1 0 0 0 
 11 | 0 0 0 0 0 0 0 0'0 1 0 0 
valid positions: 20


[12:49:39] Player 1 has 0 overrides and 0 bombs.
[12:49:39] Sending move request to player 1 with depth 9, time left: 0 msecs.
[12:49:49] Answer from player 1 for move 34 was (x,y,c) = (11,2,0); time left: 0 msecs.
      0 1 2 3 4 5 6 7 8 91011
    /------------------------
  0 | 0 0 0 0 0 0 0 0 0 0 0 1 
  1 | 0 0 0 0 0'0'0 0 0 0 1 0 
  2 | 0 0 0 0 0 1 0 0 0 1 0 1 
  3 | 0 0 0 0 0'1 2 0'1 0 1 0 
  4 | 0 0 0 0 0'2 0'1 0'1 0 0 
  5 | 2 2 2 2 2 1 1 1 1 1 0'0 
  6 | 0 0 0 2 1 1 2 2 0 0'0 0 
  7 | 0 0 0 0 2 1 2 0'0'0 0 0 
  8 | 0 0 0 0 0'2 1 1 0'0 0 0 
  9 | 0 0 0 0 0'1 2 1 0'0 0 0 
 10 | 0 0 0 0 0 0'0 2 1 0'0 0 
 11 | 0 0 0 0 0 0 0 0 0 1 0 0 
valid positions: 17


[12:49:49] Player 2 has 0 overrides and 0 bombs.
[12:49:49] Sending move request to player 2 with depth 9, time left: 0 msecs.
[12:49:57] Answer from player 2 for move 35 was (x,y,c) = (7,3,0); time left: 0 msecs.
      0 1 2 3 4 5 6 7 8 91011
    /------------------------
  0 | 0 0 0 0 0 0 0 0 0 0 0 1 
  1 | 0 0 0 0 0 0 0 0 0 0 1 0 
  2 | 0 0 0 0 0 1 0 0 0 1 0 1 
  3 | 0 0 0 0 0'1 2 2 1 0 1 0 
  4 | 0 0 0'0'0'2 0 2 0'1 0 0 
  5 | 2 2 2 2 2 1 1 2 1 1 0 0 
  6 | 0 0 0'2 1 1 2 2 0'0 0 0 
  7 | 0 0 0 0'2 1 2 0'0'0 0 0 
  8 | 0 0 0 0'0'2 1 1 0 0 0 0 
  9 | 0 0 0 0 0'1 2 1 0 0 0 0 
 10 | 0 0 0 0 0 0'0'2 1 0 0 0 
 11 | 0 0 0 0 0 0 0 0'0 1 0 0 
valid positions: 16


[12:49:57] Player 1 has 0 overrides and 0 bombs.
[12:49:57] Sending move request to player 1 with depth 9, time left: 0 msecs.
[12:50:04] Answer from player 1 for move 36 was (x,y,c) = (7,11,0); time left: 0 msecs.
      0 1 2 3 4 5 6 7 8 91011
    /------------------------
  0 | 0 0 0 0 0 0 0 0 0 0 0 1 
  1 | 0 0 0 0 0'0'0 0 0 0 1 0 
  2 | 0 0 0 0 0 1 0 0 0 1 0 1 
  3 | 0 0 0 0 0'1 2 2 1 0'1 0 
  4 | 0 0 0 0 0'2 0'2 0 1 0 0 
  5 | 2 2 2 2 2 1 1 2 1 1 0'0 
  6 | 0 0 0 2 1 1 2 2 0 0'0 0 
  7 | 0 0 0 0 2 1 2 0 0'0 0 0 
  8 | 0 0 0 0 0'2 1 1 0'0 0 0 
  9 | 0 0 0 0 0'1 2 1 0'0 0 0 
 10 | 0 0 0 0 0 0'0 1 1 0 0 0 
 11 | 0 0 0 0 0 0 0 1 0'1 0 0 
valid positions: 15


[12:50:04] Player 2 has 0 overrides and 0 bombs.
[12:50:04] Sending move request to player 2 with depth 9, time left: 0 msecs.
[12:50:09] Answer from player 2 for move 37 was (x,y,c) = (8,9,0); time left: 0 msecs.
      0 1 2 3 4 5 6 7 8 91011
    /------------------------
  0 | 0 0 0 0 0 0 0 0 0 0 0 1 
  1 | 0 0 0 0 0 0 0 0 0 0 1 0 
  2 | 0 0 0 0 0 1 0 0 0 1 0 1 
  3 | 0 0 0 0 0'1 2 2 1 0 1 0 
  4 | 0 0'0'0'0'2 0 2 0'1 0 0 
  5 | 2 2 2 2 2 1 1 2 1 1 0 0 
  6 | 0 0 0'2 1 1 2 2 0'0 0 0 
  7 | 0 0 0 0'2 1 2 0'0'0 0 0 
  8 | 0 0 0 0'0'2 1 2 0'0'0 0 
  9 | 0 0 0 0 0'1 2 2 2 0'0 0 
 10 | 0 0 0 0 0 0 0'1 1 0'0 0 
 11 | 0 0 0 0 0 0 0 1 0 1 0 0 
valid positions: 19


[12:50:09] Player 1 has 0 overrides and 0 bombs.
[12:50:09] Sending move request to player 1 with depth 9, time left: 0 msecs.
[12:50:20] Answer from player 1 for move 38 was (x,y,c) = (1,4,0); time left: 0 msecs.
      0 1 2 3 4 5 6 7 8 91011
    /------------------------
  0 | 0 0 0 0 0 0 0 0 0 0 0 1 
  1 | 0 0 0 0 0'0'0 0 0 0 1 0 
  2 | 0 0 0 0 0 1 0 0 0 1 0 1 
  3 | 0 0'0'0 0'1 2 2 1 0'1 0 
  4 | 0 1 0 0 0'2 0'2 0 1 0 0 
  5 | 2 2 1 2 2 1 1 2 1 1 0'0 
  6 | 0 0 0'1 1 1 2 2 0 0'0 0 
  7 | 0 0 0'0'1 1 2 0 0 0 0 0 
  8 | 0 0 0 0'0'1 1 2 0 0 0 0 
  9 | 0 0 0 0 0'1 1 2 2 0 0 0 
 10 | 0 0 0 0 0 0'0'1 1 0 0 0 
 11 | 0 0 0 0 0 0 0'1 0'1 0 0 
valid positions: 20


[12:50:20] Player 2 has 0 overrides and 0 bombs.
[12:50:20] Sending move request to player 2 with depth 9, time left: 0 msecs.
[12:50:25] Answer from player 2 for move 39 was (x,y,c) = (8,11,0); time left: 0 msecs.
      0 1 2 3 4 5 6 7 8 91011
    /------------------------
  0 | 0 0 0 0 0 0 0 0 0 0 0 1 
  1 | 0 0 0 0 0 0 0 0 0 0 1 0 
  2 | 0 0 0 0 0 1 0 0'0 1 0 1 
  3 | 0 0 0 0 0'1 2 2 1 0 1 0 
  4 | 0 1 0'0'0'2 0 2 0'1 0 0 
  5 | 2 2 1 2 2 1 1 2 1 1 0 0 
  6 | 0 0'0 1 1 1 2 2 0'0 0 0 
  7 | 0 0 0 0 1 1 2 0'0'0 0 0 
  8 | 0 0 0 0 0 1 1 2 0'0'0 0 
  9 | 0 0 0 0 0 1 1 2 2 0'0 0 
 10 | 0 0 0 0 0 0 0 1 2 0'0 0 
 11 | 0 0 0 0 0 0 0 1 2 1 0 0 
valid positions: 14


[12:50:25] Player 1 has 0 overrides and 0 bombs.
[12:50:25] Sending move request to player 1 with depth 9, time left: 0 msecs.
[12:50:29] Answer from player 1 for move 40 was (x,y,c) = (7,2,0); time left: 0 msecs.
      0 1 2 3 4 5 6 7 8 91011
    /------------------------
  0 | 0 0 0 0 0 0 0 0 0 0 0 1 
  1 | 0 0 0 0 0'0 0 0'0 0 1 0 
  2 | 0 0 0 0 0 1 0 1 0 1 0 1 
  3 | 0'0'0'0 0'1 1 2 1 0'1 0 
  4 | 0 1 0 0'0'1 0'2 0 1 0 0 
  5 | 2 2 1 2 1 1 1 2 1 1 0'0 
  6 | 0 0 0'1 1 1 2 2 0 0'0 0 
  7 | 0 0 0 0'1 1 2 0 0 0 0 0 
  8 | 0 0 0 0'0'1 1 2 0 0 0 0 
  9 | 0 0 0 0 0'1 1 2 2 0 0 0 
 10 | 0 0 0 0 0 0'0'1 2 0 0 0 
 11 | 0 0 0 0 0 0 0'1 2 1 0'0 
valid positions: 21


[12:50:29] Player 2 has 0 overrides and 0 bombs.
[12:50:29] Sending move request to player 2 with depth 9, time left: 0 msecs.
[12:50:34] Answer from player 2 for move 41 was (x,y,c) = (0,3,0); time left: 0 msecs.
      0 1 2 3 4 5 6 7 8 91011
    /------------------------
  0 | 0 0 0 0 0 0 0 0 0 0 0 1 
  1 | 0 0 0 0 0 0 0 0 0 0 1 0 
  2 | 0 0 0 0 0 1 0 1 0 1 0 1 
  3 | 2 0 0 0 0 1 1 2 1 0 1 0 
  4 | 0 2 0'0 0 1 0 2 0'1 0 0 
  5 | 2 2 2 2 1 1 1 2 1 1 0 0 
  6 | 0 0 0'2 1 1 2 2 0'0 0 0 
  7 | 0 0 0'0'2 1 2 0'0'0 0 0 
  8 | 0 0 0 0'0'2 1 2 0'0 0 0 
  9 | 0 0 0 0 0'1 2 2 2 0'0 0 
 10 | 0 0 0 0 0 0 0'2 2 0'0 0 
 11 | 0 0 0 0 0 0 0 1 2 1 0 0 
valid positions: 15


[12:50:34] Player 1 has 0 overrides and 0 bombs.
[12:50:34] Sending move request to player 1 with depth 9, time left: 0 msecs.
[12:50:39] Answer from player 1 for move 42 was (x,y,c) = (2,7,0); time left: 0 msecs.
      0 1 2 3 4 5 6 7 8 91011
    /------------------------
  0 | 0 0 0 0 0 0 0 0 0 0 0 1 
  1 | 0 0 0 0 0'0'0 0'0 0 1 0 
  2 | 0 0 0 0 0 1 0 1 0 1 0 1 
  3 | 2 0 0 0 0'1 1 2 1 0'1 0 
  4 | 0 2 0 0'0'1 0'2 0 1 0 0 
  5 | 2 2 2 2 1 1 1 2 1 1 0'0 
  6 | 0 0 0'1 1 1 2 2 0 0'0 0 
  7 | 0 0 1 0'2 1 2 0 0 0 0 0 
  8 | 0 0 0 0 0'2 1 2 0 0 0 0 
  9 | 0 0 0 0 0'1 2 2 2 0 0 0 
 10 | 0 0 0 0 0 0'0 2 2 0 0 0 
 11 | 0 0 0 0 0 0 0'1 2 1 0'0 
valid positions: 17


[12:50:39] Player 2 has 0 overrides and 0 bombs.
[12:50:39] Sending move request to player 2 with depth 9, time left: 0 msecs.
[12:50:47] Answer from player 2 for move 43 was (x,y,c) = (4,9,0); time left: 0 msecs.
      0 1 2 3 4 5 6 7 8 91011
    /------------------------
  0 | 0 0 0 0 0 0 0 0 0 0 0 1 
  1 | 0 0 0 0 0 0 0 0 0 0 1 0 
  2 | 0 0 0 0 0 1 0 1 0 1 0 1 
  3 | 2 0 0 0 0 1 1 2 1 0 1 0 
  4 | 0 2 0'0'0 1 0 2 0'1 0 0 
  5 | 2 2 2 2 1 1 1 2 1 1 0 0 
  6 | 0 0 0 1 1 1 2 2 0'0 0 0 
  7 | 0 0 1 0'2 1 2 0'0'0 0 0 
  8 | 0 0 0 0'0'2 1 2 0'0 0 0 
  9 | 0 0 0 0 2 2 2 2 2 0'0 0 
 10 | 0 0 0 0'0'0'0'2 2 0'0 0 
 11 | 0 0 0 0 0 0 0 1 2 1 0 0 
valid positions: 16


[12:50:47] Player 1 has 0 overrides and 0 bombs.
[12:50:47] Sending move request to player 1 with depth 9, time left: 0 msecs.
[12:50:51] Answer from player 1 for move 44 was (x,y,c) = (7,7,0); time left: 0 msecs.
      0 1 2 3 4 5 6 7 8 91011
    /------------------------
  0 | 0 0 0 0 0 0 0 0 0 0 0 1 
  1 | 0 0 0 0 0 0'0 0 0 0 1 0 
  2 | 0 0 0 0 0 1 0 1 0 1 0 1 
  3 | 2 0 0 0 0 1 1 1 1 0 1 0 
  4 | 0 2 0 0'0'1 0'1 0 1 0 0 
  5 | 2 2 2 2 1 1 1 1 1 1 0'0 
  6 | 0 0 0 1 1 1 1 1 0'0 0 0 
  7 | 0 0 1 0'2 1 1 1 0'0 0 0 
  8 | 0 0 0 0 0 2 1 1 0'0 0 0 
  9 | 0 0 0 0 2 2 2 1 2 0 0 0 
 10 | 0 0 0 0 0 0 0'1 2 0 0 0 
 11 | 0 0 0 0 0 0 0'1 2 1 0'0 
valid positions: 12


[12:50:51] Player 2 has 0 overrides and 0 bombs.
[12:50:51] Sending move request to player 2 with depth 9, time left: 0 msecs.
[12:50:54] Answer from player 2 for move 45 was (x,y,c) = (10,5,0); time left: 0 msecs.
      0 1 2 3 4 5 6 7 8 91011
    /------------------------
  0 | 0 0 0 0 0 0 0 0 0 0 0 1 
  1 | 0 0 0 0 0 0 0 0 0 0 1 0 
  2 | 0 0 0 0 0 1 0 1 0 1 0 1 
  3 | 2 0 0 0 0 1 1 1 1 0 1 0 
  4 | 0 2 0'0'0'1 0'1 0'1 0 0 
  5 | 2 2 2 2 2 2 2 2 2 2 2 0 
  6 | 0 0 0 1 1 1 1 1 0 0'0 0'
  7 | 0 0 1 0'2 1 1 1 0 0 0 0 
  8 | 0 0 0 0'0'2 1 1 0 0'0 0 
  9 | 0 0 0 0'2 2 2 1 2 0'0 0 
 10 | 0 0 0 0'0'0'0'1 2 0'0 0 
 11 | 0 0 0 0 0 0 0 1 2 1 0 0 
valid positions: 18


[12:50:54] Player 1 has 0 overrides and 0 bombs.
[12:50:54] Sending move request to player 1 with depth 9, time left: 0 msecs.
[12:51:03] Answer from player 1 for move 46 was (x,y,c) = (3,4,0); time left: 0 msecs.
      0 1 2 3 4 5 6 7 8 91011
    /------------------------
  0 | 0 0 0 0 0 0 0 0 0 0 0 1 
  1 | 0 0 0 0 0'0'0'0'0 0 1 0 
  2 | 0 0 0 0 0 1 0 1 0 1 0 1 
  3 | 2 0 0'0 0'1 1 1 1 0'1 0 
  4 | 0 2 0'1 0'1 0 1 0 1 0 0 
  5 | 2 2 2 1 1 2 2 2 2 2 2 0 
  6 | 0 0 0 1 1 1 1 1 0'0 0 0 
  7 | 0 0 1 0'2 1 1 1 0'0 0 0 
  8 | 0 0 0 0 0'2 1 1 0'0 0 0 
  9 | 0 0 0 0 2 2 2 1 2 0 0 0 
 10 | 0 0 0 0 0 0 0'1 2 0 0 0 
 11 | 0 0 0 0 0 0 0'1 2 1 0'0 
valid positions: 17


[12:51:03] Player 2 has 0 overrides and 0 bombs.
[12:51:03] Sending move request to player 2 with depth 9, time left: 0 msecs.
[12:51:08] Answer from player 2 for move 47 was (x,y,c) = (6,1,0); time left: 0 msecs.
      0 1 2 3 4 5 6 7 8 91011
    /------------------------
  0 | 0 0 0 0 0 0 0 0'0 0 0 1 
  1 | 0 0 0 0 0 0 2 0'0'0 1 0 
  2 | 0 0 0 0 0 1 0 2 0 1 0 1 
  3 | 2 0 0 0 0 1 1 1 2 0'1 0 
  4 | 0 2 0 1 0'1 0'1 0'2 0 0 
  5 | 2 2 2 1 1 2 2 2 2 2 2 0'
  6 | 0 0'0 1 1 1 1 1 0 0'0 0 
  7 | 0 0 1 0'2 1 1 1 0 0 0 0 
  8 | 0 0 0 0'0'2 1 1 0 0'0 0 
  9 | 0 0 0 0'2 2 2 1 2 0'0 0 
 10 | 0 0 0 0'0'0'0'1 2 0'0 0 
 11 | 0 0 0 0 0 0 0 1 2 1 0 0 
valid positions: 21


[12:51:08] Player 1 has 0 overrides and 0 bombs.
[12:51:08] Sending move request to player 1 with depth 9, time left: 0 msecs.
[12:51:17] Answer from player 1 for move 48 was (x,y,c) = (11,5,0); time left: 0 msecs.
      0 1 2 3 4 5 6 7 8 91011
    /------------------------
  0 | 0 0 0 0 0 0 0 0 0 0 0 1 
  1 | 0 0 0 0 0 0'2 0 0 0 1 0 
  2 | 0 0 0 0 0 1 0 2 0 1 0 1 
  3 | 2 0 0'0 0'1 1 1 2 0 1 0 
  4 | 0 2 0'1 0'1 0'1 0 2 0 0 
  5 | 2 2 2 1 1 1 1 1 1 1 1 1 
  6 | 0 0 0 1 1 1 1 1 0'0'0 0'
  7 | 0 0 1 0 2 1 1 1 0'0 0 0 
  8 | 0 0'0 0 0 2 1 1 0'0 0 0 
  9 | 0 0 0 0 2 2 2 1 2 0 0 0 
 10 | 0 0 0 0 0 0 0'1 2 0 0 0 
 11 | 0 0 0 0 0 0 0'1 2 1 0'0 
valid positions: 15


[12:51:17] Player 2 has 0 overrides and 0 bombs.
[12:51:17] Sending move request to player 2 with depth 9, time left: 0 msecs.
[12:51:23] Answer from player 2 for move 49 was (x,y,c) = (4,3,0); time left: 0 msecs.
      0 1 2 3 4 5 6 7 8 91011
    /------------------------
  0 | 0 0 0 0 0 0'0 0 0 0 0 1 
  1 | 0 0 0 0 0'0'2 0'0'0 1 0 
  2 | 0 0 0 0'0 2 0 2 0 1 0 1 
  3 | 2 0 0'0'2 2 2 2 2 0'1 0 
  4 | 0 2 0 2 0 1 0 1 0 2 0 0 
  5 | 2 2 2 1 1 1 1 1 1 1 1 1 
  6 | 0 0 0 1 1 1 1 1 0 0 0 0 
  7 | 0 0 1 0'2 1 1 1 0 0 0 0 
  8 | 0 0 0 0'0'2 1 1 0 0'0 0 
  9 | 0 0 0 0'2 2 2 1 2 0'0 0 
 10 | 0 0 0 0'0'0'0'1 2 0'0 0 
 11 | 0 0 0 0 0 0 0 1 2 1 0 0 
valid positions: 20


[12:51:23] Player 1 has 0 overrides and 0 bombs.
[12:51:23] Sending move request to player 1 with depth 9, time left: 0 msecs.
[12:51:33] Answer from player 1 for move 50 was (x,y,c) = (5,0,0); time left: 0 msecs.
      0 1 2 3 4 5 6 7 8 91011
    /------------------------
  0 | 0 0 0 0 0 1 0 0'0 0 0 1 
  1 | 0 0 0 0 0 0 1 0'0'0 1 0 
  2 | 0 0 0 0 0 2 0 1 0 1 0 1 
  3 | 2 0 0 0 2 2 2 2 1 0'1 0 
  4 | 0 2 0'2 0'1 0'1 0 1 0 0 
  5 | 2 2 2 1 1 1 1 1 1 1 1 1 
  6 | 0 0 0 1 1 1 1 1 0'0'0 0 
  7 | 0 0 1 0'2 1 1 1 0'0 0 0 
  8 | 0 0'0 0 0 2 1 1 0'0 0 0 
  9 | 0 0 0 0 2 2 2 1 2 0 0 0 
 10 | 0 0 0 0 0 0 0'1 2 0 0 0 
 11 | 0 0 0 0 0 0 0'1 2 1 0'0 
valid positions: 16


[12:51:33] Player 2 has 0 overrides and 0 bombs.
[12:51:33] Sending move request to player 2 with depth 9, time left: 0 msecs.
[12:51:39] Answer from player 2 for move 51 was (x,y,c) = (7,0,0); time left: 0 msecs.
      0 1 2 3 4 5 6 7 8 91011
    /------------------------
  0 | 0 0 0 0 0 1 0 2 0 0 0 1 
  1 | 0 0 0 0 0'0'2 0 0 0 1 0 
  2 | 0 0 0 0'0 2 0 1 0 1 0 1 
  3 | 2 0 0'0'2 2 2 2 1 0 1 0 
  4 | 0 2 0 2 0 1 0 1 0 1 0 0 
  5 | 2 2 2 1 1 1 1 1 1 1 1 1 
  6 | 0 0 0 1 1 1 1 1 0 0 0 0 
  7 | 0 0 1 0'2 1 1 1 0 0 0 0 
  8 | 0 0 0 0'0'2 1 1 0 0'0 0 
  9 | 0 0 0 0'2 2 2 1 2 0'0 0 
 10 | 0 0 0 0'0'0'0'1 2 0'0 0 
 11 | 0 0 0 0 0 0 0 1 2 1 0 0 
valid positions: 16


[12:51:39] Player 1 has 0 overrides and 0 bombs.
[12:51:39] Sending move request to player 1 with depth 9, time left: 0 msecs.
[12:51:46] Answer from player 1 for move 52 was (x,y,c) = (3,9,0); time left: 0 msecs.
      0 1 2 3 4 5 6 7 8 91011
    /------------------------
  0 | 0 0 0 0 0 1 0 2 0 0 0 1 
  1 | 0 0 0 0 0 0 2 0'0'0 1 0 
  2 | 0 0 0 0 0 2 0 1 0 1 0 1 
  3 | 2 0 0 0 2 2 2 2 1 0'1 0 
  4 | 0 2 0'2 0'1 0 1 0 1 0 0 
  5 | 2 2 2 1 1 1 1 1 1 1 1 1 
  6 | 0 0 0 1 1 1 1 1 0 0'0 0'
  7 | 0 0 1 0'2 1 1 1 0'0 0 0 
  8 | 0 0'0 0 0 2 1 1 0'0 0 0 
  9 | 0 0 0'1 1 1 1 1 2 0 0 0 
 10 | 0 0 0 0'0 0'0'1 2 0 0 0 
 11 | 0 0 0 0 0 0 0'1 2 1 0'0 
valid positions: 17


[12:51:47] Player 2 has 0 overrides and 0 bombs.
[12:51:47] Sending move request to player 2 with depth 9, time left: 0 msecs.
[12:51:51] Answer from player 2 for move 53 was (x,y,c) = (2,9,0); time left: 0 msecs.
      0 1 2 3 4 5 6 7 8 91011
    /------------------------
  0 | 0 0 0 0 0 1 0 2 0 0 0 1 
  1 | 0 0 0 0 0'0'2 0 0 0 1 0 
  2 | 0 0 0 0'0 2 0 1 0 1 0 1 
  3 | 2 0 0'0'2 2 2 2 1 0 1 0 
  4 | 0 2 0 2 0 1 0 1 0 1 0 0 
  5 | 2 2 2 1 1 1 1 1 1 1 1 1 
  6 | 0 0 0 1 1 1 1 1 0 0 0 0 
  7 | 0 0 1 0'2 1 1 1 0 0 0 0 
  8 | 0 0 0 0'0'2 1 1 0 0'0 0 
  9 | 0 0 2 2 2 2 2 2 2 0'0 0 
 10 | 0 0 0 0'0'0'0'1 2 0'0 0 
 11 | 0 0 0 0 0 0 0 1 2 1 0 0 
valid positions: 15


[12:51:51] Player 1 has 0 overrides and 0 bombs.
[12:51:51] Sending move request to player 1 with depth 9, time left: 0 msecs.
[12:51:59] Answer from player 1 for move 54 was (x,y,c) = (3,3,0); time left: 0 msecs.
      0 1 2 3 4 5 6 7 8 91011
    /------------------------
  0 | 0 0 0 0 0 1 0 2 0 0 0 1 
  1 | 0 0 0 0 0 0 2 0'0 0 1 0 
  2 | 0 0 0 0 0 2 0 1 0 1 0 1 
  3 | 2 0 0'1 1 1 1 1 1 0 1 0 
  4 | 0 2 0'1 0'1 0'1 0 1 0 0 
  5 | 2 2 2 1 1 1 1 1 1 1 1 1 
  6 | 0 0 0 1 1 1 1 1 0'0'0 0'
  7 | 0 0 1 0 2 1 1 1 0'0 0 0 
  8 | 0 0 0 0 0 2 1 1 0'0 0 0 
  9 | 0 0 2 2 2 2 2 2 2 0 0 0 
 10 | 0 0 0 0 0 0 0'1 2 0 0 0 
 11 | 0 0 0 0 0 0 0'1 2 1 0'0 
valid positions: 13


[12:51:59] Player 2 has 0 overrides and 0 bombs.
[12:51:59] Sending move request to player 2 with depth 9, time left: 0 msecs.
[12:52:04] Answer from player 2 for move 55 was (x,y,c) = (7,1,0); time left: 0 msecs.
      0 1 2 3 4 5 6 7 8 91011
    /------------------------
  0 | 0 0 0 0 0 1 0 2 0 0 0 1 
  1 | 0 0 0 0 0'0'2 2 0'0 1 0 
  2 | 0 0 0 0 0 2 0 2 0 1 0 1 
  3 | 2 0 0 1 1 1 1 2 1 0 1 0 
  4 | 0 2 0 1 0 1 0 2 0'1 0 0 
  5 | 2 2 2 1 1 1 1 2 1 1 1 1 
  6 | 0 0'0 1 1 1 1 2 0'0 0 0 
  7 | 0 0 1 0'2 1 1 2 0'0 0 0 
  8 | 0 0 0 0'0'2 1 2 0'0'0 0 
  9 | 0 0 2 2 2 2 2 2 2 0'0 0 
 10 | 0 0 0 0'0'0'0'1 2 0'0 0 
 11 | 0 0 0 0 0 0 0 1 2 1 0 0 
valid positions: 18


[12:52:04] Player 1 has 0 overrides and 0 bombs.
[12:52:04] Sending move request to player 1 with depth 9, time left: 0 msecs.
[12:52:13] Answer from player 1 for move 56 was (x,y,c) = (9,8,0); time left: 0 msecs.
      0 1 2 3 4 5 6 7 8 91011
    /------------------------
  0 | 0 0 0 0 0 1 0 2 0 0 0 1 
  1 | 0 0 0 0 0 0 2 2 0 0 1 0 
  2 | 0 0 0 0'0 2 0 2 0 1 0 1 
  3 | 2 0 0'1 1 1 1 2 1 0'1 0 
  4 | 0 2 0'1 0'1 0'2 0 1 0 0 
  5 | 2 2 2 1 1 1 1 2 1 1 1 1 
  6 | 0 0 0'1 1 1 1 2 0 0'0 0'
  7 | 0 0 1 0 2 1 1 2 0 0 0 0 
  8 | 0 0'0 0 0'2 1 2 0'1 0 0 
  9 | 0 0 2 2 2 2 2 2 1 0'0 0 
 10 | 0 0 0 0 0 0 0'1 2 0'0 0 
 11 | 0 0 0 0 0 0 0'1 2 1 0'0 
valid positions: 17


[12:52:13] Player 2 has 0 overrides and 0 bombs.
[12:52:13] Sending move request to player 2 with depth 9, time left: 0 msecs.
[12:52:22] Answer from player 2 for move 57 was (x,y,c) = (2,3,0); time left: 0 msecs.
      0 1 2 3 4 5 6 7 8 91011
    /------------------------
  0 | 0 0 0 0 0 1 0 2 0 0 0 1 
  1 | 0 0 0 0 0'0'2 2 0'0 1 0 
  2 | 0 0'0 0'0 2 0 2 0 1 0 1 
  3 | 2 0'2 2 2 2 2 2 1 0 1 0 
  4 | 0 2 0 2 0'1 0 2 0'1 0 0 
  5 | 2 2 2 1 2 1 1 2 1 1 1 1 
  6 | 0 0 0 1 1 2 1 2 0'0 0 0 
  7 | 0 0 1 0'2 1 2 2 0'0 0 0 
  8 | 0 0 0 0'0'2 1 2 0'1 0 0 
  9 | 0 0'2 2 2 2 2 2 1 0'0 0 
 10 | 0 0 0 0'0'0'0'1 2 0'0 0 
 11 | 0 0 0 0 0 0 0 1 2 1 0 0 
valid positions: 21


[12:52:22] Player 1 has 0 overrides and 0 bombs.
[12:52:22] Sending move request to player 1 with depth 9, time left: 0 msecs.
[12:52:34] Answer from player 1 for move 58 was (x,y,c) = (1,9,0); time left: 0 msecs.
      0 1 2 3 4 5 6 7 8 91011
    /------------------------
  0 | 0 0 0 0 0 1 0 2 0 0 0 1 
  1 | 0 0 0 0 0 0 2 2 0 0 1 0 
  2 | 0 0 0 0 0 2 0 2 0 1 0 1 
  3 | 2 0 2 2 2 2 2 2 1 0'1 0 
  4 | 0 2 0'2 0'1 0'2 0 1 0 0 
  5 | 2 2 2 1 2 1 1 2 1 1 1 1 
  6 | 0 0 0'1 1 2 1 2 0 0'0 0'
  7 | 0 0 1 0'2 1 2 2 0 0 0 0 
  8 | 0 0'0 0 0'2 1 2 0'1 0 0 
  9 | 0 1 1 1 1 1 1 1 1 0 0 0 
 10 | 0 0 0 0'0'0'0'1 2 0'0 0 
 11 | 0 0 0 0 0 0 0'1 2 1 0'0 
valid positions: 18


[12:52:34] Player 2 has 0 overrides and 0 bombs.
[12:52:34] Sending move request to player 2 with depth 9, time left: 0 msecs.
[12:52:44] Answer from player 2 for move 59 was (x,y,c) = (11,6,0); time left: 0 msecs.
      0 1 2 3 4 5 6 7 8 91011
    /------------------------
  0 | 0 0 0 0 0 1 0 2 0 0 0 1 
  1 | 0 0 0 0 0'0'2 2 0'0 1 0 
  2 | 0 0'0 0'0 2 0 2 0 1 0 1 
  3 | 2 0 2 2 2 2 2 2 2 0'1 0 
  4 | 0 2 0 2 0'1 0 2 0'2 0 0 
  5 | 2 2 2 1 2 1 1 2 1 1 2 1 
  6 | 0 0 0 1 1 2 1 2 0'0 0 2 
  7 | 0 0 1 0'2 1 2 2 0'0 0 0'
  8 | 0 0 0 0'0'2 1 2 0'1 0 0 
  9 | 0 1 1 1 1 1 1 1 1 0'0 0 
 10 | 0 0 0 0 0 0 0 1 2 0'0 0 
 11 | 0 0 0 0 0 0 0 1 2 1 0 0 
valid positions: 17


[12:52:44] Player 1 has 0 overrides and 0 bombs.
[12:52:44] Sending move request to player 1 with depth 9, time left: 0 msecs.
[12:52:55] Answer from player 1 for move 60 was (x,y,c) = (1,2,0); time left: 0 msecs.
      0 1 2 3 4 5 6 7 8 91011
    /------------------------
  0 | 0 0 0 0 0 1 0 2 0 0 0 1 
  1 | 0 0 0'0 0 0 2 2 0 0 1 0 
  2 | 0 1 0 0'0 2 0 2 0 1 0 1 
  3 | 2 0'1 2 2 2 2 2 2 0 1 0 
  4 | 0 2 0'1 0'1 0 2 0 2 0 0'
  5 | 2 2 2 1 1 1 1 2 1 1 2 1 
  6 | 0 0 0'1 1 1 1 2 0 0'0 2 
  7 | 0 0 1 0'2 1 1 2 0 0 0 0 
  8 | 0 0'0 0 0'2 1 1 0'1 0 0 
  9 | 0 1 1 1 1 1 1 1 1 0 0 0 
 10 | 0 0 0 0'0'0'0'1 2 0 0 0 
 11 | 0 0 0 0 0 0 0'1 2 1 0'0 
valid positions: 18


[12:52:55] Player 2 has 0 overrides and 0 bombs.
[12:52:55] Sending move request to player 2 with depth 9, time left: 0 msecs.
[12:53:02] Answer from player 2 for move 61 was (x,y,c) = (2,6,0); time left: 0 msecs.
      0 1 2 3 4 5 6 7 8 91011
    /------------------------
  0 | 0 0 0 0 0 1 0 2 0 0 0 1 
  1 | 0 0 0 0 0'0'2 2 0'0 1 0 
  2 | 0 1 0 0'0 2 0 2 0 1 0 1 
  3 | 2 0 1 2 2 2 2 2 2 0'1 0 
  4 | 0 2 0'1 0 1 0 2 0'2 0 0 
  5 | 2 2 2 1 1 1 1 2 1 1 2 1 
  6 | 0 0'2 2 2 2 2 2 0'0 0 2 
  7 | 0 0'1 0'2 1 1 2 0'0 0 0'
  8 | 0 0 0 0'0'2 1 1 0'1 0 0 
  9 | 0 1 1 1 1 1 1 1 1 0'0 0 
 10 | 0 0 0 0 0 0 0 1 2 0'0 0 
 11 | 0 0 0 0 0 0 0 1 2 1 0 0 
valid positions: 18


[12:53:02] Player 1 has 0 overrides and 0 bombs.
[12:53:02] Sending move request to player 1 with depth 9, time left: 0 msecs.
[12:53:10] Answer from player 1 for move 62 was (x,y,c) = (9,3,0); time left: 0 msecs.
      0 1 2 3 4 5 6 7 8 91011
    /------------------------
  0 | 0 0 0 0 0 1 0 2 0 0 0 1 
  1 | 0'0 0'0 0 0 2 2 0 0 1 0 
  2 | 0 1 0 0'0 2 0 2 0 1 0 1 
  3 | 2 0 1 1 1 1 1 1 1 1 1 0 
  4 | 0 2 0'1 0'1 0'2 0 1 0 0'
  5 | 2 2 2 1 1 1 1 2 1 1 2 1 
  6 | 0 0 2 2 2 2 2 2 0 0'0 2 
  7 | 0 0 1 0 2 1 1 2 0 0 0 0 
  8 | 0 0'0'0 0'2 1 1 0'1 0 0 
  9 | 0 1 1 1 1 1 1 1 1 0 0 0 
 10 | 0 0 0 0'0'0'0'1 2 0'0 0 
 11 | 0 0 0 0 0 0 0'1 2 1 0'0 
valid positions: 19


[12:53:10] Player 2 has 0 overrides and 0 bombs.
[12:53:10] Sending move request to player 2 with depth 9, time left: 0 msecs.
[12:53:19] Answer from player 2 for move 63 was (x,y,c) = (0,1,0); time left: 0 msecs.
      0 1 2 3 4 5 6 7 8 91011
    /------------------------
  0 | 0 0 0 0 0 1 0 2 0 0 0 1 
  1 | 2 0 0 0 0'0'2 2 0'0 1 0 
  2 | 0 2 0 0 0 2 0 2 0 1 0 1 
  3 | 2 0'2 1 1 1 1 1 1 1 1 0 
  4 | 0 2 0'2 0 1 0 2 0'1 0 0 
  5 | 2 2 2 1 2 1 1 2 1 1 2 1 
  6 | 0 0'2 2 2 2 2 2 0'0 0 2 
  7 | 0 0'1 0'2 1 1 2 0'0 0 0'
  8 | 0 0 0 0'0'2 1 1 0'1 0 0 
  9 | 0 1 1 1 1 1 1 1 1 0'0 0 
 10 | 0 0 0 0 0 0 0 1 2 0'0 0 
 11 | 0 0 0 0 0 0 0 1 2 1 0 0 
valid positions: 17


[12:53:19] Player 1 has 0 overrides and 0 bombs.
[12:53:19] Sending move request to player 1 with depth 9, time left: 0 msecs.
[12:53:29] Answer from player 1 for move 64 was (x,y,c) = (8,7,0); time left: 0 msecs.
      0 1 2 3 4 5 6 7 8 91011
    /------------------------
  0 | 0 0 0 0 0 1 0 2 0 0 0 1 
  1 | 2 0 0 0 0 0 2 2 0 0 1 0 
  2 | 0 2 0 0'0 2 0 2 0 1 0 1 
  3 | 2 0 2 1 1 1 1 1 1 1 1 0'
  4 | 0 2 0'2 0'1 0'2 0 1 0 0'
  5 | 2 2 2 1 2 1 1 2 1 1 2 1 
  6 | 0 0 2 2 2 2 2 1 0'0'0 2 
  7 | 0 0 1 0 2 1 1 1 1 0'0 0 
  8 | 0 0'0'0 0'2 1 1 0'1 0 0 
  9 | 0 1 1 1 1 1 1 1 1 0 0 0 
 10 | 0 0 0 0'0 0'0'1 2 0'0 0 
 11 | 0 0 0 0 0 0 0'1 2 1 0'0 
valid positions: 19


[12:53:29] Player 2 has 0 overrides and 0 bombs.
[12:53:29] Sending move request to player 2 with depth 9, time left: 0 msecs.
[12:53:36] Answer from player 2 for move 65 was (x,y,c) = (8,8,0); time left: 0 msecs.
      0 1 2 3 4 5 6 7 8 91011
    /------------------------
  0 | 0 0 0 0 0 1 0 2 0 0 0 1 
  1 | 2 0 0 0 0'0'2 2 0'0 1 0 
  2 | 0 2 0 0 0 2 0 2 0 1 0 1 
  3 | 2 0'2 1 1 1 1 1 1 1 1 0 
  4 | 0 2 0'2 0 1 0 2 0'1 0 0 
  5 | 2 2 2 1 2 1 1 2 1 1 2 1 
  6 | 0 0'2 2 2 2 2 1 0'0 0 2 
  7 | 0 0'1 0'2 1 1 2 1 0'0 0'
  8 | 0 0 0 0'0'2 2 2 2 1 0 0 
  9 | 0 1 1 1 1 1 1 1 2 0'0 0 
 10 | 0 0 0 0 0 0 0 1 2 0'0 0 
 11 | 0 0 0 0 0 0 0 1 2 1 0 0 
valid positions: 16


[12:53:36] Player 1 has 0 overrides and 0 bombs.
[12:53:36] Sending move request to player 1 with depth 9, time left: 0 msecs.
[12:53:43] Answer from player 1 for move 66 was (x,y,c) = (9,10,0); time left: 0 msecs.
      0 1 2 3 4 5 6 7 8 91011
    /------------------------
  0 | 0 0 0 0 0 1 0 2 0 0 0 1 
  1 | 2 0 0 0 0 0 2 2 0 0 1 0 
  2 | 0 2 0 0'0 2 0 2 0 1 0 1 
  3 | 2 0 2 1 1 1 1 1 1 1 1 0'
  4 | 0 2 0'2 0'1 0'2 0 1 0 0'
  5 | 2 2 2 1 2 1 1 2 1 1 2 1 
  6 | 0 0 2 2 2 2 2 1 0'0'0 2 
  7 | 0 0 1 0 2 1 1 2 1 0'0 0 
  8 | 0 0'0'0 0'2 2 1 2 1 0'0 
  9 | 0 1 1 1 1 1 1 1 1 0 0'0 
 10 | 0 0 0 0'0'0'0'1 1 1 0 0 
 11 | 0 0 0 0 0 0 0'1 2 1 0'0 
valid positions: 20


[12:53:44] Player 2 has 0 overrides and 0 bombs.
[12:53:44] Sending move request to player 2 with depth 9, time left: 0 msecs.
[12:53:53] Answer from player 2 for move 67 was (x,y,c) = (10,11,0); time left: 0 msecs.
      0 1 2 3 4 5 6 7 8 91011
    /------------------------
  0 | 0 0 0 0 0 1 0 2 0 0 0 1 
  1 | 2 0 0 0 0'0'2 2 0'0 1 0 
  2 | 0 2 0 0 0 2 0 2 0 1 0 1 
  3 | 2 0'2 1 1 1 1 1 1 1 1 0 
  4 | 0 2 0'2 0 1 0 2 0'1 0 0 
  5 | 2 2 2 1 2 1 1 2 1 1 2 1 
  6 | 0 0'2 2 2 2 2 1 0'0 0 2 
  7 | 0 0'1 0'2 1 2 2 1 0'0 0'
  8 | 0 0 0 0'0'2 2 2 2 1 0 0 
  9 | 0 1 1 1 1 1 1 1 2 0'0 0 
 10 | 0 0 0 0 0 0 0 1 1 2 0'0 
 11 | 0 0 0 0 0 0 0 1 2 2 2 0'
valid positions: 17


[12:53:53] Player 1 has 0 overrides and 0 bombs.
[12:53:53] Sending move request to player 1 with depth 9, time left: 0 msecs.
[12:54:06] Answer from player 1 for move 68 was (x,y,c) = (1,6,0); time left: 0 msecs.
      0 1 2 3 4 5 6 7 8 91011
    /------------------------
  0 | 0 0 0 0 0 1 0 2 0 0 0 1 
  1 | 2 0 0 0 0 0 2 2 0 0 1 0 
  2 | 0 2 0 0 0 2 0 2 0 1 0 1 
  3 | 2 0 2 1 1 1 1 1 1 1 1 0'
  4 | 0 2 0'1 0'1 0'2 0 1 0 0'
  5 | 2 2 1 1 2 1 1 2 1 1 2 1 
  6 | 0 1 1 1 1 1 1 1 0'0'0 2 
  7 | 0'0'1 0'2 1 2 2 1 0'0'0 
  8 | 0 0'0 0'0'2 2 2 2 1 0'0 
  9 | 0'1 1 1 1 1 1 1 2 0 0 0 
 10 | 0 0 0 0'0'0'0'1 1 2 0 0 
 11 | 0 0 0 0 0 0 0'1 2 2 2 0 
valid positions: 22


[12:54:06] Player 2 has 0 overrides and 0 bombs.
[12:54:06] Sending move request to player 2 with depth 9, time left: 0 msecs.
[12:54:16] Answer from player 2 for move 69 was (x,y,c) = (0,9,0); time left: 0 msecs.
      0 1 2 3 4 5 6 7 8 91011
    /------------------------
  0 | 0 0 0 0 0 1 0 2 0 0 0 1 
  1 | 2 0 0 0 0'0'2 2 0'0 1 0 
  2 | 0 2 0 0 0 2 0 2 0 1 0 1 
  3 | 2 0'2 1 1 1 1 1 1 1 1 0 
  4 | 0'2 0 1 0'1 0 2 0'1 0 0 
  5 | 2 2 1 1 2 1 1 2 1 1 2 1 
  6 | 0 1 1 1 1 1 1 1 0 0 0 2 
  7 | 0 0 1 0'2 1 2 2 1 0 0 0'
  8 | 0 0 0 0'0'2 2 2 2 1 0 0 
  9 | 2 2 2 2 2 2 2 2 2 0'0 0 
 10 | 0 0 0 0'0 0'0'1 1 2 0'0 
 11 | 0 0 0 0 0 0 0 1 2 2 2 0'
valid positions: 17


[12:54:16] Player 1 has 0 overrides and 0 bombs.
[12:54:16] Sending move request to player 1 with depth 9, time left: 0 msecs.
[12:54:34] Answer from player 1 for move 70 was (x,y,c) = (4,8,0); time left: 0 msecs.
      0 1 2 3 4 5 6 7 8 91011
    /------------------------
  0 | 0 0 0 0 0 1 0 2 0 0 0 1 
  1 | 2 0 0 0 0 0 2 2 0 0 1 0 
  2 | 0 2 0 0 0 2 0 2 0 1 0 1 
  3 | 2 0 2 1 1 1 1 1 1 1 1 0'
  4 | 0 2 0'1 0'1 0'2 0 1 0 0'
  5 | 2 2 1 1 2 1 1 2 1 1 2 1 
  6 | 0 1 1 1 1 1 1 1 0'0'0 2 
  7 | 0'0'1 0'1 1 2 2 1 0'0'0 
  8 | 0 0'0 0'1 1 1 1 1 1 0 0 
  9 | 2 2 2 2 2 2 2 2 2 0'0 0 
 10 | 0 0 0 0 0 0 0'1 1 2 0 0 
 11 | 0 0 0 0 0 0 0'1 2 2 2 0 
valid positions: 17


[12:54:34] Player 2 has 0 overrides and 0 bombs.
[12:54:34] Sending move request to player 2 with depth 9, time left: 0 msecs.
[12:54:44] Answer from player 2 for move 71 was (x,y,c) = (6,11,0); time left: 0 msecs.
      0 1 2 3 4 5 6 7 8 91011
    /------------------------
  0 | 0 0 0 0 0 1 0 2 0 0 0 1 
  1 | 2 0 0 0 0'0'2 2 0'0 1 0 
  2 | 0 2 0 0 0 2 0 2 0 1 0 1 
  3 | 2 0'2 1 1 1 1 1 1 1 1 0 
  4 | 0'2 0 1 0'1 0 2 0'1 0 0 
  5 | 2 2 1 1 2 1 1 2 1 1 2 1 
  6 | 0 1 1 1 1 1 1 1 0'0 0 2 
  7 | 0 0 1 0 1 1 2 2 1 0 0 0'
  8 | 0 0 0 0 1 1 1 1 1 1 0 0 
  9 | 2 2 2 2 2 2 2 2 2 0 0 0 
 10 | 0 0 0'0'0'0'0'2 1 2 0'0 
 11 | 0 0 0 0 0 0 2 2 2 2 2 0 
valid positions: 15


[12:54:44] Player 1 has 0 overrides and 0 bombs.
[12:54:44] Sending move request to player 1 with depth 9, time left: 0 msecs.
[12:55:01] Answer from player 1 for move 72 was (x,y,c) = (0,4,0); time left: 0 msecs.
      0 1 2 3 4 5 6 7 8 91011
    /------------------------
  0 | 0 0 0 0 0 1 0 2 0 0 0 1 
  1 | 2 0 0 0 0 0 2 2 0 0 1 0 
  2 | 0 2 0 0 0 2 0 2 0 1 0 1 
  3 | 2 0 2 1 1 1 1 1 1 1 1 0'
  4 | 1 2 0'1 0'1 0'2 0 1 0 0'
  5 | 2 1 1 1 2 1 1 2 1 1 2 1 
  6 | 0 1 1 1 1 1 1 1 0'0'0 2 
  7 | 0'0'1 0'1 1 2 2 1 0'0'0 
  8 | 0 0'0 0'1 1 1 1 1 1 0 0 
  9 | 2 2 2 2 2 2 2 2 2 0'0 0 
 10 | 0 0 0 0 0 0 0 2 1 2 0 0 
 11 | 0 0 0 0 0 0 2 2 2 2 2 0 
valid positions: 15


[12:55:01] Player 2 has 0 overrides and 0 bombs.
[12:55:01] Sending move request to player 2 with depth 9, time left: 0 msecs.
[12:55:13] Answer from player 2 for move 73 was (x,y,c) = (10,7,0); time left: 0 msecs.
      0 1 2 3 4 5 6 7 8 91011
    /------------------------
  0 | 0 0 0 0 0 1 0 2 0 0 0 1 
  1 | 2 0 0 0 0'0'2 2 0'0 1 0 
  2 | 0'2 0 0 0 2 0 2 0 1 0 1 
  3 | 2 0'2 1 1 1 1 1 1 1 1 0 
  4 | 1 2 0'1 0'1 0 2 0'1 0 0 
  5 | 2 1 1 1 2 1 1 2 1 1 2 1 
  6 | 0'1 1 1 1 1 1 1 0'0 0 2 
  7 | 0 0 1 0 1 1 2 2 1 0 2 0'
  8 | 0 0 0 0 1 1 1 1 1 2 0'0 
  9 | 2 2 2 2 2 2 2 2 2 0 0'0 
 10 | 0 0 0'0'0'0'0'2 1 2 0'0 
 11 | 0 0 0 0 0 0 2 2 2 2 2 0 
valid positions: 19


[12:55:13] Player 1 has 0 overrides and 0 bombs.
[12:55:13] Sending move request to player 1 with depth 9, time left: 0 msecs.
[12:55:29] Answer from player 1 for move 74 was (x,y,c) = (6,10,0); time left: 0 msecs.
      0 1 2 3 4 5 6 7 8 91011
    /------------------------
  0 | 0 0 0 0 0 1 0 2 0 0 0 1 
  1 | 2 0 0 0 0 0 2 2 0 0 1 0 
  2 | 0 2 0 0'0 2 0 2 0 1 0 1 
  3 | 2 0 2 1 1 1 1 1 1 1 1 0'
  4 | 1 2 0'1 0'1 0'2 0 1 0 0'
  5 | 2 1 1 1 2 1 1 2 1 1 2 1 
  6 | 0 1 1 1 1 1 1 1 0'0'0 2 
  7 | 0'0'1 0'1 1 2 2 1 0'2 0 
  8 | 0 0'0 0'1 1 1 1 1 2 0 0 
  9 | 2 2 2 2 2 1 1 1 2 0'0 0 
 10 | 0 0 0 0 0'0'1 1 1 2 0 0 
 11 | 0 0 0 0 0 0 2 2 2 2 2 0 
valid positions: 17


[12:55:29] Player 2 has 0 overrides and 0 bombs.
[12:55:29] Sending move request to player 2 with depth 9, time left: 0 msecs.
[12:55:37] Answer from player 2 for move 75 was (x,y,c) = (5,10,0); time left: 0 msecs.
      0 1 2 3 4 5 6 7 8 91011
    /------------------------
  0 | 0 0 0 0 0 1 0 2 0 0 0 1 
  1 | 2 0 0 0 0'0 2 2 0'0 1 0 
  2 | 0'2 0 0 0 2 0 2 0 1 0 1 
  3 | 2 0'2 1 1 2 1 1 1 1 1 0 
  4 | 1 2 0'1 0'2 0'2 0'1 0 0 
  5 | 2 1 1 1 2 2 1 2 1 1 2 1 
  6 | 0'1 1 1 1 2 1 1 0'0 0 2 
  7 | 0 0 1 0 1 2 2 2 1 0 2 0'
  8 | 0 0 0 0 1 2 1 1 1 2 0'0 
  9 | 2 2 2 2 2 2 1 1 2 0'0'0 
 10 | 0 0 0'0'0'2 2 2 2 2 0 0 
 11 | 0 0 0 0 0'0'2 2 2 2 2 0 
valid positions: 19


[12:55:37] Player 1 has 0 overrides and 0 bombs.
[12:55:37] Sending move request to player 1 with depth 9, time left: 0 msecs.
[12:55:52] Answer from player 1 for move 76 was (x,y,c) = (4,11,0); time left: 0 msecs.
      0 1 2 3 4 5 6 7 8 91011
    /------------------------
  0 | 0 0 0 0 0 1 0 2 0 0 0 1 
  1 | 2 0 0 0 0 0 2 2 0 0 1 0 
  2 | 0 2 0 0'0 2 0 2 0 1 0 1 
  3 | 2 0 2 1 1 2 1 1 1 1 1 0'
  4 | 1 2 0'1 0 2 0'2 0 1 0 0'
  5 | 2 1 1 1 2 2 1 2 1 1 2 1 
  6 | 0'1 1 1 1 2 1 1 0'0'0 2 
  7 | 0'0'1 0'1 2 2 2 1 0'2 0 
  8 | 0 0'0 0'1 2 1 1 1 2 0 0 
  9 | 2 2 2 2 2 2 1 1 2 0'0 0 
 10 | 0 0 0 0 0'1 2 2 2 2 0 0 
 11 | 0 0 0 0 1 0'2 2 2 2 2 0 
valid positions: 17


[12:55:52] Player 2 has 0 overrides and 0 bombs.
[12:55:52] Sending move request to player 2 with depth 9, time left: 0 msecs.
[12:56:00] Answer from player 2 for move 77 was (x,y,c) = (0,6,0); time left: 0 msecs.
      0 1 2 3 4 5 6 7 8 91011
    /------------------------
  0 | 0 0 0 0 0 1 0 2 0 0 0 1 
  1 | 2 0 0 0 0'0'2 2 0'0 1 0 
  2 | 0'2 0 0 0 2 0 2 0 1 0 1 
  3 | 2 0'2 1 1 2 1 1 1 1 1 0 
  4 | 1 2 0'1 0'2 0 2 0'1 0 0 
  5 | 2 1 1 1 2 2 1 2 1 1 2 1 
  6 | 2 2 2 2 2 2 1 1 0'0 0 2 
  7 | 0'0'1 0'1 2 2 2 1 0 2 0'
  8 | 0 0 0 0'1 2 1 1 1 2 0'0 
  9 | 2 2 2 2 2 2 1 1 2 0'0'0 
 10 | 0 0 0'0'0'1 2 2 2 2 0'0 
 11 | 0 0 0 0 1 0'2 2 2 2 2 0 
valid positions: 22


[12:56:01] Player 1 has 0 overrides and 0 bombs.
[12:56:01] Sending move request to player 1 with depth 9, time left: 0 msecs.
[12:56:15] Answer from player 1 for move 78 was (x,y,c) = (10,10,0); time left: 0 msecs.
      0 1 2 3 4 5 6 7 8 91011
    /------------------------
  0 | 0 0 0 0 0 1 0 2 0 0 0 1 
  1 | 2 0 0 0 0 0 2 2 0 0 1 0 
  2 | 0 2 0 0'0 2 0 2 0 1 0 1 
  3 | 2 0 2 1 1 2 1 1 1 1 1 0'
  4 | 1 2 0'1 0'2 0'2 0 1 0 0'
  5 | 2 1 1 1 2 2 1 2 1 1 2 1 
  6 | 2 2 2 2 2 2 1 1 0'0'0 2 
  7 | 0 0 1 0'1 2 2 2 1 0'2 0 
  8 | 0 0'0'0'1 2 1 1 1 2 0 0 
  9 | 2 2 2 2 2 2 1 1 2 0'0'0'
 10 | 0 0 0 0 0 1 1 1 1 1 1 0 
 11 | 0 0 0 0 1 0'2 2 2 2 2 0 
valid positions: 17


[12:56:15] Player 2 has 0 overrides and 0 bombs.
[12:56:15] Sending move request to player 2 with depth 9, time left: 0 msecs.
[12:56:24] Answer from player 2 for move 79 was (x,y,c) = (11,9,0); time left: 0 msecs.
      0 1 2 3 4 5 6 7 8 91011
    /------------------------
  0 | 0 0 0 0 0 1 0 2 0 0 0 1 
  1 | 2 0 0 0 0'0'2 2 0'0 1 0 
  2 | 0'2 0 0 0 2 0 2 0 1 0 1 
  3 | 2 0'2 1 1 2 1 1 1 1 1 0 
  4 | 1 2 0'1 0'2 0 2 0'1 0 0 
  5 | 2 1 1 1 2 2 1 2 1 1 2 1 
  6 | 2 2 2 2 2 2 1 1 0'0 0 2 
  7 | 0'0'1 0'1 2 2 2 1 0 2 0'
  8 | 0 0 0 0'1 2 1 1 1 2 0'0 
  9 | 2 2 2 2 2 2 1 1 2 0'0'2 
 10 | 0 0 0'0'0'1 1 1 1 1 2 0'
 11 | 0 0 0 0 1 0 2 2 2 2 2 0 
valid positions: 21


[12:56:24] Player 1 has 0 overrides and 0 bombs.
[12:56:24] Sending move request to player 1 with depth 9, time left: 0 msecs.
[12:56:42] Answer from player 1 for move 80 was (x,y,c) = (3,7,0); time left: 0 msecs.
      0 1 2 3 4 5 6 7 8 91011
    /------------------------
  0 | 0 0 0 0 0 1 0 2 0 0 0 1 
  1 | 2 0 0 0 0 0 2 2 0 0 1 0 
  2 | 0 2 0 0'0 2 0 2 0 1 0 1 
  3 | 2 0 2 1 1 2 1 1 1 1 1 0'
  4 | 1 2 0'1 0 2 0'2 0 1 0 0'
  5 | 2 1 1 1 2 2 1 2 1 1 2 1 
  6 | 2 2 1 1 2 2 1 1 0'0'0 2 
  7 | 0 0'1 1 1 2 2 2 1 0'2 0 
  8 | 0 0'0'0'1 2 1 1 1 2 0 0 
  9 | 2 2 2 2 2 2 1 1 2 0'0'2 
 10 | 0 0 0 0 0'1 1 1 1 1 2 0 
 11 | 0 0 0 0 1 0'2 2 2 2 2 0 
valid positions: 16


[12:56:42] Player 2 has 0 overrides and 0 bombs.
[12:56:42] Sending move request to player 2 with depth 9, time left: 0 msecs.
[12:56:47] Answer from player 2 for move 81 was (x,y,c) = (11,3,0); time left: 0 msecs.
      0 1 2 3 4 5 6 7 8 91011
    /------------------------
  0 | 0 0 0 0 0 1 0 2 0 0 0 1 
  1 | 2 0 0 0 0'0'2 2 0'0 1 0 
  2 | 0'2 0 0 0 2 0 2 0 1 0 1 
  3 | 2 0'2 1 1 2 2 2 2 2 2 2 
  4 | 1 2 0'1 0'2 0'2 0'1 0 0'
  5 | 2 1 1 1 2 2 1 2 1 1 2 1 
  6 | 2 2 1 1 2 2 1 1 0'0 0 2 
  7 | 0'0'1 1 1 2 2 2 1 0 2 0'
  8 | 0 0 0 0'1 2 1 1 1 2 0'0 
  9 | 2 2 2 2 2 2 1 1 2 0'0'2 
 10 | 0 0 0'0'0'1 1 1 1 1 2 0'
 11 | 0 0 0 0 1 0 2 2 2 2 2 0 
valid positions: 22


[12:56:47] Player 1 has 0 overrides and 0 bombs.
[12:56:47] Sending move request to player 1 with depth 9, time left: 0 msecs.
[12:56:59] Answer from player 1 for move 82 was (x,y,c) = (5,1,0); time left: 0 msecs.
      0 1 2 3 4 5 6 7 8 91011
    /------------------------
  0 | 0 0 0 0 0 1 0 2 0 0 0 1 
  1 | 2 0 0 0 0'1 2 2 0'0'1 0'
  2 | 0 2 0 0'0 1 0 2 0 1 0 1 
  3 | 2 0 2 1 1 1 2 2 2 2 2 2 
  4 | 1 2 0'1 0'1 0'2 0 1 0 0'
  5 | 2 1 1 1 2 1 1 2 1 1 2 1 
  6 | 2 2 1 1 2 1 1 1 0'0'0 2 
  7 | 0 0'1 1 1 1 2 2 1 0'2 0 
  8 | 0 0'0'0'1 1 1 1 1 2 0 0 
  9 | 2 2 2 2 2 1 1 1 2 0'0'2 
 10 | 0 0 0 0 0'1 1 1 1 1 2 0 
 11 | 0 0 0 0 1 0 2 2 2 2 2 0 
valid positions: 19


[12:56:59] Player 2 has 0 overrides and 0 bombs.
[12:56:59] Sending move request to player 2 with depth 9, time left: 0 msecs.
[12:57:04] Answer from player 2 for move 83 was (x,y,c) = (3,8,0); time left: 0 msecs.
      0 1 2 3 4 5 6 7 8 91011
    /------------------------
  0 | 0 0 0 0 0 1 0 2 0 0 0 1 
  1 | 2 0 0 0 0 1 2 2 0'0 1 0 
  2 | 0'2 0 0 0 1 0 2 0 1 0 1 
  3 | 2 0'2 1 1 1 2 2 2 2 2 2 
  4 | 1 2 0'1 0 1 0'2 0'1 0 0'
  5 | 2 1 1 1 2 1 2 2 1 1 2 1 
  6 | 2 2 1 1 2 2 1 1 0'0 0 2 
  7 | 0'0'2 1 2 1 2 2 1 0'2 0'
  8 | 0 0'0'2 2 2 2 2 2 2 0 0 
  9 | 2 2 2 2 2 1 1 1 2 0'0'2 
 10 | 0 0'0'0'0 1 1 1 1 1 2 0'
 11 | 0 0 0 0 1 0 2 2 2 2 2 0 
valid positions: 20


[12:57:04] Player 1 has 0 overrides and 0 bombs.
[12:57:04] Sending move request to player 1 with depth 9, time left: 0 msecs.
[12:57:14] Answer from player 1 for move 84 was (x,y,c) = (1,10,0); time left: 0 msecs.
      0 1 2 3 4 5 6 7 8 91011
    /------------------------
  0 | 0 0 0 0 0 1 0 2 0 0 0 1 
  1 | 2 0 0 0 0'1 2 2 0'0'1 0'
  2 | 0 2 0 0'0 1 0 2 0 1 0 1 
  3 | 2 0 2 1 1 1 2 2 1 2 2 2 
  4 | 1 2 0'1 0'1 0'1 0 1 0 0'
  5 | 2 1 1 1 2 1 1 2 1 1 2 1 
  6 | 2 2 1 1 2 1 1 1 0'0'0 2 
  7 | 0 0 2 1 1 1 2 2 1 0'2 0 
  8 | 0 0 0'1 2 2 2 2 2 2 0 0 
  9 | 2 2 1 2 2 1 1 1 2 0'0'2 
 10 | 0 1 0 0 0'1 1 1 1 1 2 0 
 11 | 0 0'0'0 1 0'2 2 2 2 2 0 
valid positions: 19


[12:57:14] Player 2 has 0 overrides and 0 bombs.
[12:57:14] Sending move request to player 2 with depth 9, time left: 0 msecs.
[12:57:21] Answer from player 2 for move 85 was (x,y,c) = (3,2,0); time left: 0 msecs.
      0 1 2 3 4 5 6 7 8 91011
    /------------------------
  0 | 0 0 0 0 0 1 0 2 0 0 0 1 
  1 | 2 0 0 0 0 1 2 2 0'0 1 0 
  2 | 0'2 0 2 0 1 0 2 0 1 0 1 
  3 | 2 0'2 2 2 1 2 2 1 2 2 2 
  4 | 1 2 0'2 0'2 0'1 0'1 0 0'
  5 | 2 1 1 2 2 1 2 2 1 1 2 1 
  6 | 2 2 1 2 2 1 1 2 0'0'0 2 
  7 | 0'0'2 2 1 1 2 2 2 0'2 0'
  8 | 0 0'0'2 2 2 2 2 2 2 0 0 
  9 | 2 2 1 2 2 1 1 1 2 0'0 2 
 10 | 0 1 0'0'0'1 1 1 1 1 2 0'
 11 | 0 0 0 0 1 0 2 2 2 2 2 0 
valid positions: 21


[12:57:21] Player 1 has 0 overrides and 0 bombs.
[12:57:21] Sending move request to player 1 with depth 9, time left: 0 msecs.
[12:57:37] Answer from player 1 for move 86 was (x,y,c) = (1,3,0); time left: 0 msecs.
      0 1 2 3 4 5 6 7 8 91011
    /------------------------
  0 | 0 0 0 0 0 1 0 2 0 0 0 1 
  1 | 2 0 0 0 0'1 2 2 0'0'1 0'
  2 | 0 2 0 2 0 1 0 2 0 1 0 1 
  3 | 2 1 1 1 1 1 2 2 1 2 2 2 
  4 | 1 1 0'2 0'2 0'1 0 1 0 0'
  5 | 2 1 1 2 2 1 2 2 1 1 2 1 
  6 | 2 2 1 2 2 1 1 2 0 0'0 2 
  7 | 0 0'2 2 1 1 2 2 2 0 2 0 
  8 | 0 0 0 2 2 2 2 2 2 2 0 0 
  9 | 2 2 1 2 2 1 1 1 2 0'0'2 
 10 | 0 1 0 0 0'1 1 1 1 1 2 0 
 11 | 0'0'0'0 1 0'2 2 2 2 2 0 
valid positions: 17


[12:57:37] Player 2 has 0 overrides and 0 bombs.
[12:57:37] Sending move request to player 2 with depth 9, time left: 0 msecs.
[12:57:50] Answer from player 2 for move 87 was (x,y,c) = (2,4,0); time left: 0 msecs.
      0 1 2 3 4 5 6 7 8 91011
    /------------------------
  0 | 0 0 0 0 0 1 0 2 0 0 0 1 
  1 | 2 0'0'0'0'1 2 2 0'0 1 0 
  2 | 0'2 0 2 0 1 0 2 0 1 0 1 
  3 | 2 1 1 1 1 1 2 2 1 2 2 2 
  4 | 1 1 2 2 0'2 0'1 0'1 0 0'
  5 | 2 2 2 2 2 1 2 2 1 1 2 1 
  6 | 2 2 2 2 2 1 1 2 0'0'0 2 
  7 | 0'0'2 2 1 1 2 2 2 0'2 0'
  8 | 0 0'0'2 2 2 2 2 2 2 0 0 
  9 | 2 2 1 2 2 1 1 1 2 0'0'2 
 10 | 0 1 0'0'0'1 1 1 1 1 2 0'
 11 | 0 0 0 0 1 0 2 2 2 2 2 0 
valid positions: 24


[12:57:50] Player 1 has 0 overrides and 0 bombs.
[12:57:50] Sending move request to player 1 with depth 9, time left: 0 msecs.
[12:58:17] Answer from player 1 for move 88 was (x,y,c) = (2,8,0); time left: 0 msecs.
      0 1 2 3 4 5 6 7 8 91011
    /------------------------
  0 | 0 0 0 0 0 1 0 2 0 0 0 1 
  1 | 2 0 0 0 0'1 2 2 0'0'1 0'
  2 | 0'2 0 2 0'1 0 2 0 1 0 1 
  3 | 2 1 1 1 1 1 2 2 1 2 2 2 
  4 | 1 1 1 2 0'2 0'1 0 1 0 0'
  5 | 2 2 1 2 2 1 2 2 1 1 2 1 
  6 | 2 2 1 2 1 1 1 2 0 0'0 2 
  7 | 0 0'1 1 1 1 2 2 2 0 2 0 
  8 | 0 0'1 2 2 2 2 2 2 2 0 0 
  9 | 2 2 1 2 2 1 1 1 2 0'0'2 
 10 | 0 1 0 0 0'1 1 1 1 1 2 0 
 11 | 0'0'0'0 1 0'2 2 2 2 2 0 
valid positions: 19


[12:58:17] Player 2 has 0 overrides and 0 bombs.
[12:58:17] Sending move request to player 2 with depth 9, time left: 0 msecs.
[12:58:29] Answer from player 2 for move 89 was (x,y,c) = (0,11,0); time left: 0 msecs.
      0 1 2 3 4 5 6 7 8 91011
    /------------------------
  0 | 0 0 0 0 0 1 0 2 0 0 0 1 
  1 | 2 0'0'0'0'1 2 2 0'0 1 0 
  2 | 0'2 0 2 0 1 0 2 0 1 0 1 
  3 | 2 1 1 1 1 1 2 2 1 2 2 2 
  4 | 1 1 1 2 0'2 0'1 0'1 0 0'
  5 | 2 2 1 2 2 1 2 2 1 1 2 1 
  6 | 2 2 1 2 1 1 1 2 0'0'0 2 
  7 | 0'0'1 1 1 1 2 2 2 0'2 0'
  8 | 0 0 1 2 2 2 2 2 2 2 0'0 
  9 | 2 2 2 2 2 1 1 1 2 0'0'2 
 10 | 0'2 0'0'0'1 1 1 1 1 2 0'
 11 | 2 0 0 0 1 0 2 2 2 2 2 0 
valid positions: 24


[12:58:30] Player 1 has 0 overrides and 0 bombs.
[12:58:30] Sending move request to player 1 with depth 9, time left: 0 msecs.
[12:58:46] Answer from player 1 for move 90 was (x,y,c) = (8,1,0); time left: 0 msecs.
      0 1 2 3 4 5 6 7 8 91011
    /------------------------
  0 | 0 0 0 0 0 1 0 2 0 0 0 1 
  1 | 2 0 0 0 0 1 1 1 1 0'1 0'
  2 | 0'2 0'2 0'1 0 1 0 1 0 1 
  3 | 2 1 1 1 1 1 1 2 1 2 2 2 
  4 | 1 1 1 2 0'1 0'1 0 1 0 0'
  5 | 2 2 1 2 1 1 2 2 1 1 2 1 
  6 | 2 2 1 1 1 1 1 2 0 0'0 2 
  7 | 0 0'1 1 1 1 2 2 2 0 2 0 
  8 | 0 0'1 2 2 2 2 2 2 2 0 0 
  9 | 2 2 2 2 2 1 1 1 2 0'0'2 
 10 | 0 2 0 0 0'1 1 1 1 1 2 0 
 11 | 2 0 0 0 1 0'2 2 2 2 2 0 
valid positions: 15


[12:58:46] Player 2 has 0 overrides and 0 bombs.
[12:58:46] Sending move request to player 2 with depth 9, time left: 0 msecs.
[12:58:51] Answer from player 2 for move 91 was (x,y,c) = (2,2,0); time left: 0 msecs.
      0 1 2 3 4 5 6 7 8 91011
    /------------------------
  0 | 0 0 0 0 0 1 0 2 0 0 0 1 
  1 | 2 0'0'0'0'1 1 1 1 0 1 0 
  2 | 0'2 2 2 0 1 0 1 0 1 0 1 
  3 | 2 1 2 1 1 1 1 2 1 2 2 2 
  4 | 1 1 2 2 0'1 0'1 0'1 0 0'
  5 | 2 2 2 2 1 1 2 2 1 1 2 1 
  6 | 2 2 2 1 1 1 1 2 0'0'0 2 
  7 | 0'0'2 1 1 1 2 2 2 0'2 0'
  8 | 0 0'2 2 2 2 2 2 2 2 0 0 
  9 | 2 2 2 2 2 1 1 1 2 0'0'2 
 10 | 0'2 0'0'0'1 1 1 1 1 2 0'
 11 | 2 0 0 0 1 0 2 2 2 2 2 0 
valid positions: 23


[12:58:51] Player 1 has 0 overrides and 0 bombs.
[12:58:51] Sending move request to player 1 with depth 9, time left: 0 msecs.
[12:59:09] Answer from player 1 for move 92 was (x,y,c) = (0,7,0); time left: 0 msecs.
      0 1 2 3 4 5 6 7 8 91011
    /------------------------
  0 | 0 0 0 0 0 1 0 2 0 0'0 1 
  1 | 2 0 0 0 0 1 1 1 1 0'1 0'
  2 | 0'2 2 2 0'1 0 1 0 1 0 1 
  3 | 2 1 2 1 1 1 1 2 1 2 2 2 
  4 | 1 1 2 1 0'1 0'1 0 1 0 0'
  5 | 1 2 1 2 1 1 2 2 1 1 2 1 
  6 | 1 1 2 1 1 1 1 2 0 0'0 2 
  7 | 1 0'2 1 1 1 2 2 2 0 2 0 
  8 | 0'0 2 2 2 2 2 2 2 2 0 0 
  9 | 2 2 2 2 2 1 1 1 2 0'0'2 
 10 | 0 2 0 0 0'1 1 1 1 1 2 0 
 11 | 2 0 0 0 1 0'2 2 2 2 2 0 
valid positions: 15


[12:59:09] Player 2 has 0 overrides and 0 bombs.
[12:59:09] Sending move request to player 2 with depth 9, time left: 0 msecs.
[12:59:19] Answer from player 2 for move 93 was (x,y,c) = (9,0,0); time left: 0 msecs.
      0 1 2 3 4 5 6 7 8 91011
    /------------------------
  0 | 0 0 0 0 0 1 0 2 0 2 0 1 
  1 | 2 0'0'0'0'1 1 1 2 0'1 0 
  2 | 0'2 2 2 0 1 0 2 0 1 0 1 
  3 | 2 1 2 1 1 1 2 2 1 2 2 2 
  4 | 1 1 2 1 0'2 0'1 0'1 0 0'
  5 | 1 2 1 2 2 1 2 2 1 1 2 1 
  6 | 1 1 2 2 1 1 1 2 0'0'0 2 
  7 | 1 0'2 1 1 1 2 2 2 0'2 0'
  8 | 0 0 2 2 2 2 2 2 2 2 0 0 
  9 | 2 2 2 2 2 1 1 1 2 0'0'2 
 10 | 0'2 0'0'0'1 1 1 1 1 2 0'
 11 | 2 0 0 0 1 0 2 2 2 2 2 0 
valid positions: 22


[12:59:19] Player 1 has 0 overrides and 0 bombs.
[12:59:19] Sending move request to player 1 with depth 9, time left: 0 msecs.
[12:59:40] Answer from player 1 for move 94 was (x,y,c) = (10,9,0); time left: 0 msecs.
      0 1 2 3 4 5 6 7 8 91011
    /------------------------
  0 | 0 0 0 0 0 1 0 2 0 2 0 1 
  1 | 2 0 0 0 0'1 1 1 2 0'1 0'
  2 | 0'2 2 2 0'1 0 2 0 1 0 1 
  3 | 2 1 2 1 1 1 2 2 1 2 2 2 
  4 | 1 1 2 1 0'1 0'1 0 1 0 0'
  5 | 1 2 1 2 2 1 1 2 1 1 2 1 
  6 | 1 1 2 2 1 1 1 1 0'0'0 2 
  7 | 1 0'2 1 1 1 2 2 1 0'2 0 
  8 | 0'0 2 2 2 2 2 2 2 1 0'0'
  9 | 2 2 2 2 2 1 1 1 2 0'1 2 
 10 | 0 2 0 0 0'1 1 1 1 1 2 0'
 11 | 2 0 0 0 1 0'2 2 2 2 2 0 
valid positions: 19


[12:59:40] Player 2 has 0 overrides and 0 bombs.
[12:59:40] Sending move request to player 2 with depth 9, time left: 0 msecs.
[12:59:48] Answer from player 2 for move 95 was (x,y,c) = (11,10,0); time left: 0 msecs.
      0 1 2 3 4 5 6 7 8 91011
    /------------------------
  0 | 0 0 0 0 0 1 0 2 0 2 0 1 
  1 | 2 0'0'0'0'1 1 1 2 0'1 0 
  2 | 0'2 2 2 0 1 0 2 0 1 0 1 
  3 | 2 1 2 1 2 1 2 2 1 2 2 2 
  4 | 1 1 2 1 0'2 0'1 0'1 0 0'
  5 | 1 2 1 2 2 1 2 2 1 1 2 1 
  6 | 1 1 2 2 1 1 1 2 0'0'0 2 
  7 | 1 0'2 1 1 1 2 2 2 0'2 0'
  8 | 0 0 2 2 2 2 2 2 2 2 0 0'
  9 | 2 2 2 2 2 1 1 1 2 0'2 2 
 10 | 0'2 0'0'0'1 1 1 1 1 2 2 
 11 | 2 0 0 0 1 0 2 2 2 2 2 0 
valid positions: 21


[12:59:48] Player 1 has 0 overrides and 0 bombs.
[12:59:48] Sending move request to player 1 with depth 9, time left: 0 msecs.
[13:00:08] Answer from player 1 for move 96 was (x,y,c) = (11,8,0); time left: 0 msecs.
      0 1 2 3 4 5 6 7 8 91011
    /------------------------
  0 | 0 0 0 0 0 1 0 2 0 2 0 1 
  1 | 2 0 0 0 0'1 1 1 2 0'1 0'
  2 | 0'2 2 2 0'1 0 2 0 1 0 1 
  3 | 2 1 2 1 2 1 2 2 1 2 2 2 
  4 | 1 1 2 1 0'2 0'1 0 1 0 0'
  5 | 1 2 1 2 2 1 2 2 1 1 2 1 
  6 | 1 1 2 2 1 1 1 2 0 0'0 2 
  7 | 1 0'2 1 1 1 2 2 2 0 2 0'
  8 | 0'0 2 2 2 2 2 2 2 2 0'1 
  9 | 2 2 2 2 2 1 1 1 2 0'1 2 
 10 | 0 2 0 0 0'1 1 1 1 1 2 2 
 11 | 2 0 0 0 1 0'2 2 2 2 2 0 
valid positions: 16


[13:00:09] Player 2 has 0 overrides and 0 bombs.
[13:00:09] Sending move request to player 2 with depth 9, time left: 0 msecs.
[13:00:24] Answer from player 2 for move 97 was (x,y,c) = (9,6,0); time left: 0 msecs.
      0 1 2 3 4 5 6 7 8 91011
    /------------------------
  0 | 0 0 0 0 0 1 0 2 0 2 0 1 
  1 | 2 0'0'0'0'1 1 1 2 0'1 0 
  2 | 0'2 2 2 0 1 0 2 0 1 0 1 
  3 | 2 1 2 1 2 1 2 2 1 2 2 2 
  4 | 1 1 2 1 0'2 0'2 0'2 0 0'
  5 | 1 2 1 2 2 1 2 2 2 2 2 1 
  6 | 1 1 2 2 1 1 1 2 0'2 0 2 
  7 | 1 0'2 1 1 1 2 2 2 0'2 0'
  8 | 0 0 2 2 2 2 2 2 2 2 0 1 
  9 | 2 2 2 2 2 1 1 1 2 0'1 2 
 10 | 0'2 0'0'0'1 1 1 1 1 2 2 
 11 | 2 0 0 0 1 0 2 2 2 2 2 0'
valid positions: 20


[13:00:24] Player 1 has 0 overrides and 0 bombs.
[13:00:24] Sending move request to player 1 with depth 9, time left: 0 msecs.
[13:00:43] Answer from player 1 for move 98 was (x,y,c) = (11,4,0); time left: 0 msecs.
      0 1 2 3 4 5 6 7 8 91011
    /------------------------
  0 | 0 0 0 0 0 1 0 2 0 2 0 1 
  1 | 2 0 0 0 0'1 1 1 2 0'1 0'
  2 | 0'2 2 2 0'1 0 2 0 1 0 1 
  3 | 2 1 2 1 2 1 2 2 1 2 1 1 
  4 | 1 1 2 1 0'2 0'2 0 2 0 1 
  5 | 1 2 1 2 2 1 2 2 2 2 1 1 
  6 | 1 1 2 2 1 1 1 2 0'1 0 2 
  7 | 1 0'2 1 1 1 2 2 1 0'2 0'
  8 | 0'0 2 2 2 2 2 1 2 2 0'1 
  9 | 2 2 2 2 2 1 1 1 2 0'1 2 
 10 | 0 2 0 0 0'1 1 1 1 1 2 2 
 11 | 2 0 0 0 1 0'2 2 2 2 2 0 
valid positions: 16


[13:00:44] Player 2 has 0 overrides and 0 bombs.
[13:00:44] Sending move request to player 2 with depth 9, time left: 0 msecs.
[13:00:56] Answer from player 2 for move 99 was (x,y,c) = (4,1,0); time left: 0 msecs.
      0 1 2 3 4 5 6 7 8 91011
    /------------------------
  0 | 0 0 0 0'0 1 0 2 0 2 0 1 
  1 | 2 0'0'0'2 2 2 2 2 0 1 0 
  2 | 0'2 2 2 0 2 0 2 0 1 0 1 
  3 | 2 1 2 1 2 1 2 2 1 2 1 1 
  4 | 1 1 2 1 0'2 0'2 0'2 0 1 
  5 | 1 2 1 2 2 1 2 2 2 2 1 1 
  6 | 1 1 2 2 1 1 1 2 0'1 0 2 
  7 | 1 0'2 1 1 1 2 2 1 0'2 0'
  8 | 0 0'2 2 2 2 2 1 2 2 0'1 
  9 | 2 2 2 2 2 1 1 1 2 0'1 2 
 10 | 0'2 0'0'0'1 1 1 1 1 2 2 
 11 | 2 0 0 0 1 0 2 2 2 2 2 0'
valid positions: 20


[13:00:56] Player 1 has 0 overrides and 0 bombs.
[13:00:56] Sending move request to player 1 with depth 9, time left: 0 msecs.
[13:01:14] Answer from player 1 for move 100 was (x,y,c) = (3,0,0); time left: 0 msecs.
      0 1 2 3 4 5 6 7 8 91011
    /------------------------
  0 | 0 0 0 1 0 1 0 2 0 2 0 1 
  1 | 2 0 0 0'1 2 2 2 2 0'1 0'
  2 | 0'2 2 2 0'1 0 2 0 1 0 1 
  3 | 2 1 2 1 2 1 1 2 1 2 1 1 
  4 | 1 1 2 1 0'2 0'1 0 2 0 1 
  5 | 1 2 1 2 2 1 2 2 1 2 1 1 
  6 | 1 1 2 2 1 1 1 2 0'1 0 2 
  7 | 1 0'2 1 1 1 2 2 1 0'2 0'
  8 | 0'0 2 2 2 2 2 1 2 2 0'1 
  9 | 2 2 2 2 2 1 1 1 2 0'1 2 
 10 | 0 2 0 0 0'1 1 1 1 1 2 2 
 11 | 2 0 0 0 1 0'2 2 2 2 2 0 
valid positions: 16


[13:01:14] Player 2 has 0 overrides and 0 bombs.
[13:01:14] Sending move request to player 2 with depth 9, time left: 0 msecs.
[13:01:25] Answer from player 2 for move 101 was (x,y,c) = (0,8,0); time left: 0 msecs.
      0 1 2 3 4 5 6 7 8 91011
    /------------------------
  0 | 0 0 0 1 0 1 0 2 0 2 0 1 
  1 | 2 0'0'0'1 2 2 2 2 0'1 0 
  2 | 0 2 2 2 0 1 0 2 0 1 0 1 
  3 | 2 1 2 1 2 1 1 2 1 2 1 1 
  4 | 2 1 2 1 0'2 0'1 0'2 0 1 
  5 | 2 2 1 2 2 1 2 2 1 2 1 1 
  6 | 2 1 2 2 1 1 1 2 0'1 0 2 
  7 | 2 0'2 1 1 1 2 2 1 0'2 0'
  8 | 2 0'2 2 2 2 2 1 2 2 0'1 
  9 | 2 2 2 2 2 1 1 1 2 0'1 2 
 10 | 0'2 0'0'0'1 1 1 1 1 2 2 
 11 | 2 0 0 0 1 0 2 2 2 2 2 0'
valid positions: 19


[13:01:25] Player 1 has 0 overrides and 0 bombs.
[13:01:25] Sending move request to player 1 with depth 9, time left: 0 msecs.
[13:01:43] Answer from player 1 for move 102 was (x,y,c) = (0,10,0); time left: 0 msecs.
      0 1 2 3 4 5 6 7 8 91011
    /------------------------
  0 | 0 0 0 1 0 1 0 2 0 2 0 1 
  1 | 2 0 0 0'1 2 2 2 2 0'1 0'
  2 | 0'2 2 2 0'1 0 2 0 1 0 1 
  3 | 2 1 2 1 2 1 1 2 1 2 1 1 
  4 | 2 1 2 1 0'2 0 1 0 2 0 1 
  5 | 2 2 1 2 2 1 2 2 1 2 1 1 
  6 | 2 1 2 2 1 1 1 2 0'1 0 2 
  7 | 2 0'2 1 1 1 2 2 1 0'2 0'
  8 | 2 0'1 2 2 2 2 1 2 2 0'1 
  9 | 2 1 2 2 2 1 1 1 2 0'1 2 
 10 | 1 2 0'0 0'1 1 1 1 1 2 2 
 11 | 2 0 0 0 1 0'2 2 2 2 2 0 
valid positions: 16


[13:01:43] Player 2 has 0 overrides and 0 bombs.
[13:01:43] Sending move request to player 2 with depth 9, time left: 0 msecs.
[13:01:53] Answer from player 2 for move 103 was (x,y,c) = (4,4,0); time left: 0 msecs.
      0 1 2 3 4 5 6 7 8 91011
    /------------------------
  0 | 0 0 0 1 0 1 0 2 0 2 0 1 
  1 | 2 0'0'0'1 2 2 2 2 0'1 0 
  2 | 0'2 2 2 0'1 0 2 0 1 0 1 
  3 | 2 1 2 2 2 1 1 2 1 2 1 1 
  4 | 2 1 2 2 2 2 0'1 0'2 0 1 
  5 | 2 2 1 2 2 2 2 2 1 2 1 1 
  6 | 2 1 2 2 1 1 2 2 0'1 0 2 
  7 | 2 0'2 1 1 1 2 2 1 0'2 0'
  8 | 2 0'1 2 2 2 2 1 2 2 0'1 
  9 | 2 1 2 2 2 1 1 1 2 0'1 2 
 10 | 1 2 0'0'0'1 1 1 1 1 2 2 
 11 | 2 0'0 0 1 0 2 2 2 2 2 0'
valid positions: 20


[13:01:53] Player 1 has 0 overrides and 0 bombs.
[13:01:53] Sending move request to player 1 with depth 9, time left: 0 msecs.
[13:02:10] Answer from player 1 for move 104 was (x,y,c) = (0,2,0); time left: 0 msecs.
      0 1 2 3 4 5 6 7 8 91011
    /------------------------
  0 | 0 0 0 1 0 1 0 2 0 2 0 1 
  1 | 2 0 0 0'1 2 2 2 2 0'1 0'
  2 | 1 2 2 2 0 1 0'2 0 1 0 1 
  3 | 1 1 2 2 2 1 1 2 1 2 1 1 
  4 | 1 1 2 2 2 2 0 1 0 2 0 1 
  5 | 1 2 1 2 2 2 2 2 1 2 1 1 
  6 | 1 1 2 2 1 1 2 2 0'1 0 2 
  7 | 1 0'2 1 1 1 2 2 1 0'2 0'
  8 | 1 0'1 2 2 2 2 1 2 2 0'1 
  9 | 1 1 2 2 2 1 1 1 2 0'1 2 
 10 | 1 2 0 0 0'1 1 1 1 1 2 2 
 11 | 2 0 0 0 1 0'2 2 2 2 2 0 
valid positions: 13


[13:02:10] Player 2 has 0 overrides and 0 bombs.
[13:02:10] Sending move request to player 2 with depth 9, time left: 0 msecs.
[13:02:23] Answer from player 2 for move 105 was (x,y,c) = (9,1,0); time left: 0 msecs.
      0 1 2 3 4 5 6 7 8 91011
    /------------------------
  0 | 0'0 0 1 0 1 0 2 0 2 0 1 
  1 | 2 0'0'0'1 2 2 2 2 2 1 0 
  2 | 1 2 2 2 0'1 0 2 0 2 0 1 
  3 | 1 1 2 2 2 1 1 2 1 2 1 1 
  4 | 1 1 2 2 2 2 0'1 0'2 0 1 
  5 | 1 2 1 2 2 2 2 2 1 2 1 1 
  6 | 1 1 2 2 1 1 2 2 0'1 0 2 
  7 | 1 0'2 1 1 1 2 2 1 0'2 0'
  8 | 1 0'1 2 2 2 2 1 2 2 0'1 
  9 | 1 1 2 2 2 1 1 1 2 0'1 2 
 10 | 1 2 0'0'0'1 1 1 1 1 2 2 
 11 | 2 0'0'0 1 0 2 2 2 2 2 0'
valid positions: 20


[13:02:23] Player 1 has 0 overrides and 0 bombs.
[13:02:23] Sending move request to player 1 with depth 9, time left: 0 msecs.
[13:02:45] Answer from player 1 for move 106 was (x,y,c) = (1,7,0); time left: 0 msecs.
      0 1 2 3 4 5 6 7 8 91011
    /------------------------
  0 | 0 0 0 1 0 1 0 2 0 2 0 1 
  1 | 2 0 0 0'1 2 2 2 2 2 1 0'
  2 | 1 2 2 2 0 1 0 2 0 2 0 1 
  3 | 1 1 2 2 2 1 1 2 1 2 1 1 
  4 | 1 1 2 2 1 2 0 1 0 2 0 1 
  5 | 1 2 1 1 2 2 2 2 1 2 1 1 
  6 | 1 1 1 2 1 1 2 2 0'1 0 2 
  7 | 1 1 1 1 1 1 2 2 1 0'2 0'
  8 | 1 0'1 2 2 2 2 1 2 2 0'1 
  9 | 1 1 2 2 2 1 1 1 2 0'1 2 
 10 | 1 2 0 0 0'1 1 1 1 1 2 2 
 11 | 2 0 0 0 1 0'2 2 2 2 2 0 
valid positions: 10


[13:02:46] Player 2 has 0 overrides and 0 bombs.
[13:02:46] Sending move request to player 2 with depth 9, time left: 0 msecs.
[13:02:51] Answer from player 2 for move 107 was (x,y,c) = (11,1,0); time left: 0 msecs.
      0 1 2 3 4 5 6 7 8 91011
    /------------------------
  0 | 0'0 0 1 0 1 0 2 0 2 0 1 
  1 | 2 0'0'0'1 2 2 2 2 2 2 2 
  2 | 1 2 2 2 0'1 0 2 0 2 0 2 
  3 | 1 1 2 2 2 1 1 2 1 2 1 2 
  4 | 1 1 2 2 1 2 0'1 0'2 0 2 
  5 | 1 2 1 1 2 2 2 2 1 2 1 2 
  6 | 1 1 1 2 1 1 2 2 0'1 0 2 
  7 | 1 1 1 1 1 1 2 2 1 0'2 0'
  8 | 1 0 1 2 2 2 2 1 2 2 0'1 
  9 | 1 1 2 2 2 1 1 1 2 0'1 2 
 10 | 1 2 0'0'0'1 1 1 1 1 2 2 
 11 | 2 0'0'0 1 0 2 2 2 2 2 0'
valid positions: 18


[13:02:51] Player 1 has 0 overrides and 0 bombs.
[13:02:51] Sending move request to player 1 with depth 9, time left: 0 msecs.
[13:03:03] Answer from player 1 for move 108 was (x,y,c) = (11,7,0); time left: 0 msecs.
      0 1 2 3 4 5 6 7 8 91011
    /------------------------
  0 | 0 0 0 1 0 1 0 2 0 2 0 1 
  1 | 2 0 0 0'1 2 2 2 2 2 2 1 
  2 | 1 2 2 2 0 1 0 2 0 2 0 1 
  3 | 1 1 2 2 2 1 1 2 1 2 1 1 
  4 | 1 1 2 2 1 2 0 1 0 2 0 1 
  5 | 1 2 1 1 2 2 2 2 1 2 1 1 
  6 | 1 1 1 2 1 1 2 2 0'1 0 1 
  7 | 1 1 1 1 1 1 2 2 1 0'2 1 
  8 | 1 0'1 2 2 2 2 1 2 2 0'1 
  9 | 1 1 2 2 2 1 1 1 2 0'1 2 
 10 | 1 2 0 0 0'1 1 1 1 1 2 2 
 11 | 2 0 0 0 1 0'2 2 2 2 2 0 
valid positions: 8


[13:03:03] Player 2 has 0 overrides and 0 bombs.
[13:03:03] Sending move request to player 2 with depth 9, time left: 0 msecs.
[13:03:07] Answer from player 2 for move 109 was (x,y,c) = (1,8,0); time left: 0 msecs.
      0 1 2 3 4 5 6 7 8 91011
    /------------------------
  0 | 0'0 0 1 0 1 0 2 0 2 0 1 
  1 | 2 0'0'0'1 2 2 2 2 2 2 1 
  2 | 1 2 2 2 0'1 0 2 0 2 0 1 
  3 | 1 1 2 2 2 1 1 2 1 2 1 1 
  4 | 1 1 2 2 1 2 0'1 0'2 0 1 
  5 | 1 2 1 1 2 2 2 2 1 2 1 1 
  6 | 1 2 1 2 1 1 2 2 0'1 0 1 
  7 | 1 2 2 1 1 1 2 2 1 0'2 1 
  8 | 1 2 2 2 2 2 2 1 2 2 0'1 
  9 | 1 2 2 2 2 1 1 1 2 0'1 2 
 10 | 1 2 0'0'0'1 1 1 1 1 2 2 
 11 | 2 0'0'0 1 0 2 2 2 2 2 0'
valid positions: 17


[13:03:07] Player 1 has 0 overrides and 0 bombs.
[13:03:07] Sending move request to player 1 with depth 9, time left: 0 msecs.
[13:03:21] Answer from player 1 for move 110 was (x,y,c) = (1,11,0); time left: 0 msecs.
      0 1 2 3 4 5 6 7 8 91011
    /------------------------
  0 | 0 0 0 1 0 1 0 2 0 2 0 1 
  1 | 2 0 0 0'1 2 2 2 2 2 2 1 
  2 | 1 2 2 2 0 1 0 2 0 2 0 1 
  3 | 1 1 2 2 2 1 1 2 1 2 1 1 
  4 | 1 1 2 2 1 2 0 1 0 2 0 1 
  5 | 1 1 1 1 2 2 2 2 1 2 1 1 
  6 | 1 1 1 2 1 1 2 2 0'1 0 1 
  7 | 1 1 2 1 1 1 2 2 1 0'2 1 
  8 | 1 1 2 2 2 2 2 1 2 2 0'1 
  9 | 1 1 2 2 2 1 1 1 2 0'1 2 
 10 | 1 1 0 0 0'1 1 1 1 1 2 2 
 11 | 2 1 0'0 1 0'2 2 2 2 2 0 
valid positions: 8


[13:03:21] Player 2 has 0 overrides and 0 bombs.
[13:03:21] Sending move request to player 2 with depth 9, time left: 0 msecs.
[13:03:25] Answer from player 2 for move 111 was (x,y,c) = (9,9,0); time left: 0 msecs.
      0 1 2 3 4 5 6 7 8 91011
    /------------------------
  0 | 0'0 0 1 0 1 0 2 0 2 0 1 
  1 | 2 0'0'0'1 2 2 2 2 2 2 1 
  2 | 1 2 2 2 0'1 0 2 0 2 0 1 
  3 | 1 1 2 2 2 1 1 2 1 2 1 1 
  4 | 1 1 2 2 1 2 0'1 0'2 0 1 
  5 | 1 1 1 1 2 2 2 2 1 2 1 1 
  6 | 1 1 1 2 1 1 2 2 0'1 0 1 
  7 | 1 1 2 1 1 1 2 2 1 0'2 1 
  8 | 1 1 2 2 2 2 2 1 2 2 0'1 
  9 | 1 1 2 2 2 1 1 1 2 2 2 2 
 10 | 1 1 0'0'0'1 1 1 2 2 2 2 
 11 | 2 1 0 0 1 0 2 2 2 2 2 0'
valid positions: 14


[13:03:26] Player 1 has 0 overrides and 0 bombs.
[13:03:26] Sending move request to player 1 with depth 9, time left: 0 msecs.
[13:03:34] Answer from player 1 for move 112 was (x,y,c) = (9,7,0); time left: 0 msecs.
      0 1 2 3 4 5 6 7 8 91011
    /------------------------
  0 | 0 0 0 1 0 1 0 2 0 2 0 1 
  1 | 2 0 0 0'1 2 2 2 2 2 2 1 
  2 | 1 2 2 2 0 1 0 2 0 2 0 1 
  3 | 1 1 2 2 2 1 1 2 1 2 1 1 
  4 | 1 1 2 2 1 2 0 1 0 2 0 1 
  5 | 1 1 1 1 2 2 2 2 1 2 1 1 
  6 | 1 1 1 2 1 1 2 2 0'1 0 1 
  7 | 1 1 2 1 1 1 2 2 1 1 1 1 
  8 | 1 1 2 2 2 2 2 1 1 2 0 1 
  9 | 1 1 2 2 2 1 1 1 2 2 2 2 
 10 | 1 1 0 0 0'1 1 1 2 2 2 2 
 11 | 2 1 0'0 1 0'2 2 2 2 2 0 
valid positions: 5


[13:03:34] Player 2 has 0 overrides and 0 bombs.
[13:03:34] Sending move request to player 2 with depth 9, time left: 0 msecs.
[13:03:35] Answer from player 2 for move 113 was (x,y,c) = (8,6,0); time left: 0 msecs.
      0 1 2 3 4 5 6 7 8 91011
    /------------------------
  0 | 0'0 0 1 0 1 0 2 0 2 0 1 
  1 | 2 0'0'0'1 2 2 2 2 2 2 1 
  2 | 1 2 2 2 0'1 0 2 0 2 0 1 
  3 | 1 1 2 2 2 1 1 2 1 2 1 1 
  4 | 1 1 2 2 1 2 0'1 0'2 0'1 
  5 | 1 1 1 1 2 2 2 2 1 2 1 1 
  6 | 1 1 1 2 1 1 2 2 2 1 0 1 
  7 | 1 1 2 1 1 1 2 2 2 1 1 1 
  8 | 1 1 2 2 2 2 2 1 2 2 0'1 
  9 | 1 1 2 2 2 1 1 1 2 2 2 2 
 10 | 1 1 0'0'0'1 1 1 2 2 2 2 
 11 | 2 1 0 0 1 0 2 2 2 2 2 0'
valid positions: 13


[13:03:35] Player 1 has 0 overrides and 0 bombs.
[13:03:35] Sending move request to player 1 with depth 9, time left: 0 msecs.
[13:03:40] Answer from player 1 for move 114 was (x,y,c) = (11,11,0); time left: 0 msecs.
      0 1 2 3 4 5 6 7 8 91011
    /------------------------
  0 | 0 0 0 1 0 1 0 2 0 2 0 1 
  1 | 2 0 0 0'1 2 2 2 2 2 2 1 
  2 | 1 2 2 2 0 1 0 2 0 2 0 1 
  3 | 1 1 2 2 2 1 1 2 1 2 1 1 
  4 | 1 1 2 2 1 2 0'1 0'2 0 1 
  5 | 1 1 1 1 2 1 2 2 1 2 1 1 
  6 | 1 1 1 2 1 1 1 2 2 1 0'1 
  7 | 1 1 2 1 1 1 2 1 2 1 1 1 
  8 | 1 1 2 2 2 2 2 1 1 2 0'1 
  9 | 1 1 2 2 2 1 1 1 2 1 2 1 
 10 | 1 1 0 0 0'1 1 1 2 2 1 1 
 11 | 2 1 0'0 1 0'2 2 2 2 2 1 
valid positions: 8


[13:03:40] Player 2 has 0 overrides and 0 bombs.
[13:03:40] Sending move request to player 2 with depth 9, time left: 0 msecs.
[13:03:43] Answer from player 2 for move 115 was (x,y,c) = (5,11,0); time left: 0 msecs.
      0 1 2 3 4 5 6 7 8 91011
    /------------------------
  0 | 0'0 0 1 0 1 0 2 0 2 0 1 
  1 | 2 0'0'0'1 2 2 2 2 2 2 1 
  2 | 1 2 2 2 0'1 0 2 0 2 0 1 
  3 | 1 1 2 2 2 1 1 2 1 2 1 1 
  4 | 1 1 2 2 1 2 0'1 0'2 0'1 
  5 | 1 1 1 1 2 1 2 2 1 2 1 1 
  6 | 1 1 1 2 1 1 1 2 2 1 0 1 
  7 | 1 1 2 1 1 1 2 1 2 1 1 1 
  8 | 1 1 2 2 2 2 2 1 1 2 0'1 
  9 | 1 1 2 2 2 2 1 1 2 1 2 1 
 10 | 1 1 0'0'0'2 1 1 2 2 1 1 
 11 | 2 1 0 0 1 2 2 2 2 2 2 1 
valid positions: 12


[13:03:43] Player 1 has 0 overrides and 0 bombs.
[13:03:43] Sending move request to player 1 with depth 9, time left: 0 msecs.
[13:03:46] Answer from player 1 for move 116 was (x,y,c) = (4,10,0); time left: 0 msecs.
      0 1 2 3 4 5 6 7 8 91011
    /------------------------
  0 | 0 0 0 1 0 1 0 2 0 2 0 1 
  1 | 2 0 0 0'1 2 2 2 2 2 2 1 
  2 | 1 2 2 2 0 1 0 2 0 2 0 1 
  3 | 1 1 2 2 2 1 1 2 1 2 1 1 
  4 | 1 1 2 2 1 2 0 1 0'2 0 1 
  5 | 1 1 1 1 2 1 2 2 1 2 1 1 
  6 | 1 1 1 2 1 1 1 2 2 1 0'1 
  7 | 1 1 2 1 1 1 2 1 2 1 1 1 
  8 | 1 1 1 2 1 2 1 1 1 2 0'1 
  9 | 1 1 2 1 1 1 1 1 2 1 2 1 
 10 | 1 1 0'0'1 1 1 1 2 2 1 1 
 11 | 2 1 0'0'1 2 2 2 2 2 2 1 
valid positions: 8


[13:03:46] Player 2 has 0 overrides and 0 bombs.
[13:03:46] Sending move request to player 2 with depth 9, time left: 0 msecs.
[13:03:48] Answer from player 2 for move 117 was (x,y,c) = (10,6,0); time left: 0 msecs.
      0 1 2 3 4 5 6 7 8 91011
    /------------------------
  0 | 0'0 0 1 0 1 0 2 0 2 0 1 
  1 | 2 0'0'0'1 2 2 2 2 2 2 1 
  2 | 1 2 2 2 0'1 0 2 0 2 0 1 
  3 | 1 1 2 2 2 1 1 2 1 2 1 1 
  4 | 1 1 2 2 1 2 0'1 0'2 0'1 
  5 | 1 1 1 1 2 1 2 2 1 2 1 1 
  6 | 1 1 1 2 1 1 1 2 2 2 2 1 
  7 | 1 1 2 1 1 1 2 1 2 2 1 1 
  8 | 1 1 1 2 1 2 1 1 2 2 0'1 
  9 | 1 1 2 1 1 1 1 2 2 1 2 1 
 10 | 1 1 0'0'1 1 2 1 2 2 1 1 
 11 | 2 1 0 0 1 2 2 2 2 2 2 1 
valid positions: 11


[13:03:48] Player 1 has 0 overrides and 0 bombs.
[13:03:48] Sending move request to player 1 with depth 9, time left: 0 msecs.
[13:03:53] Answer from player 1 for move 118 was (x,y,c) = (10,8,0); time left: 0 msecs.
      0 1 2 3 4 5 6 7 8 91011
    /------------------------
  0 | 0 0 0 1 0 1 0 2 0 2 0 1 
  1 | 2 0 0 0'1 2 2 2 2 2 2 1 
  2 | 1 2 2 2 0 1 0 2 0 2 0 1 
  3 | 1 1 2 2 2 1 1 2 1 2 1 1 
  4 | 1 1 2 2 1 2 0 1 0'2 0'1 
  5 | 1 1 1 1 2 1 2 2 1 2 1 1 
  6 | 1 1 1 2 1 1 1 2 2 2 2 1 
  7 | 1 1 2 1 1 1 2 1 2 2 1 1 
  8 | 1 1 1 2 1 2 1 1 1 1 1 1 
  9 | 1 1 2 1 1 1 1 2 2 1 1 1 
 10 | 1 1 0'0'1 1 2 1 2 2 1 1 
 11 | 2 1 0'0'1 2 2 2 2 2 2 1 
valid positions: 7


[13:03:53] Player 2 has 0 overrides and 0 bombs.
[13:03:53] Sending move request to player 2 with depth 9, time left: 0 msecs.
[13:03:55] Answer from player 2 for move 119 was (x,y,c) = (2,11,0); time left: 0 msecs.
      0 1 2 3 4 5 6 7 8 91011
    /------------------------
  0 | 0'0 0 1 0 1 0 2 0 2 0 1 
  1 | 2 0'0'0'1 2 2 2 2 2 2 1 
  2 | 1 2 2 2 0'1 0 2 0 2 0 1 
  3 | 1 1 2 2 2 1 1 2 1 2 1 1 
  4 | 1 1 2 2 1 2 0'1 0'2 0'1 
  5 | 1 1 1 1 2 1 2 2 1 2 1 1 
  6 | 1 1 1 2 1 1 1 2 2 2 2 1 
  7 | 1 1 2 1 1 1 2 1 2 2 1 1 
  8 | 1 1 1 2 1 2 1 1 1 1 1 1 
  9 | 1 1 2 1 1 1 1 2 2 1 1 1 
 10 | 1 1 0'0'1 1 2 1 2 2 1 1 
 11 | 2 2 2 0 1 2 2 2 2 2 2 1 
valid positions: 10


[13:03:55] Player 1 has 0 overrides and 0 bombs.
[13:03:55] Sending move request to player 1 with depth 9, time left: 0 msecs.
[13:03:56] Answer from player 1 for move 120 was (x,y,c) = (2,10,0); time left: 0 msecs.
      0 1 2 3 4 5 6 7 8 91011
    /------------------------
  0 | 0 0 0 1 0 1 0 2 0 2 0 1 
  1 | 2 0 0 0'1 2 2 2 2 2 2 1 
  2 | 1 2 2 2 0 1 0 2 0 2 0 1 
  3 | 1 1 2 2 2 1 1 2 1 2 1 1 
  4 | 1 1 2 2 1 2 0 1 0'2 0'1 
  5 | 1 1 1 1 2 1 2 2 1 2 1 1 
  6 | 1 1 1 2 1 1 1 2 2 2 2 1 
  7 | 1 1 2 1 1 1 2 1 2 2 1 1 
  8 | 1 1 1 2 1 2 1 1 1 1 1 1 
  9 | 1 1 1 1 1 1 1 2 2 1 1 1 
 10 | 1 1 1 0'1 1 2 1 2 2 1 1 
 11 | 2 2 2 0'1 2 2 2 2 2 2 1 
valid positions: 5


[13:03:57] Player 2 has 0 overrides and 0 bombs.
[13:03:57] Sending move request to player 2 with depth 9, time left: 0 msecs.
[13:03:57] Answer from player 2 for move 121 was (x,y,c) = (3,11,0); time left: 0 msecs.
      0 1 2 3 4 5 6 7 8 91011
    /------------------------
  0 | 0'0 0 1 0 1 0 2 0 2 0 1 
  1 | 2 0'0'0'1 2 2 2 2 2 2 1 
  2 | 1 2 2 2 0'1 0 2 0 2 0 1 
  3 | 1 1 2 2 2 1 1 2 1 2 1 1 
  4 | 1 1 2 2 1 2 0'1 0'2 0 1 
  5 | 1 1 1 1 2 1 2 2 1 2 1 1 
  6 | 1 1 1 2 1 1 1 2 2 2 2 1 
  7 | 1 1 2 1 1 1 2 2 2 2 1 1 
  8 | 1 1 1 2 1 2 2 1 1 1 1 1 
  9 | 1 1 1 1 1 2 1 2 2 1 1 1 
 10 | 1 1 1 0'2 1 2 1 2 2 1 1 
 11 | 2 2 2 2 2 2 2 2 2 2 2 1 
valid positions: 8


[13:03:57] Player 1 has 0 overrides and 0 bombs.
[13:03:57] Sending move request to player 1 with depth 9, time left: 0 msecs.
[13:03:58] Answer from player 1 for move 122 was (x,y,c) = (3,10,0); time left: 0 msecs.
      0 1 2 3 4 5 6 7 8 91011
    /------------------------
  0 | 0 0 0 1 0 1 0 2 0 2 0 1 
  1 | 2 0 0 0'1 2 2 2 2 2 2 1 
  2 | 1 2 2 2 0 1 0 2 0 2 0 1 
  3 | 1 1 2 2 2 1 1 2 1 2 1 1 
  4 | 1 1 2 2 1 2 0 1 0'2 0'1 
  5 | 1 1 1 1 2 1 2 2 1 2 1 1 
  6 | 1 1 1 2 1 1 1 2 2 2 2 1 
  7 | 1 1 2 1 1 1 2 2 2 2 1 1 
  8 | 1 1 1 2 1 2 2 1 1 1 1 1 
  9 | 1 1 1 1 1 2 1 2 2 1 1 1 
 10 | 1 1 1 1 1 1 2 1 2 2 1 1 
 11 | 2 2 2 2 2 2 2 2 2 2 2 1 
valid positions: 3


[13:03:59] Player 2 has 0 overrides and 0 bombs.
[13:03:59] Sending move request to player 2 with depth 9, time left: 0 msecs.
[13:03:59] Answer from player 2 for move 123 was (x,y,c) = (10,4,0); time left: 0 msecs.
      0 1 2 3 4 5 6 7 8 91011
    /------------------------
  0 | 0'0 0 1 0 1 0 2 0 2 0 1 
  1 | 2 0'0'0'1 2 2 2 2 2 2 1 
  2 | 1 2 2 2 0'1 0 2 0'2 0 1 
  3 | 1 1 2 2 2 1 1 2 1 2 1 1 
  4 | 1 1 2 2 1 2 0'1 0'2 2 1 
  5 | 1 1 1 1 2 1 2 2 1 2 2 1 
  6 | 1 1 1 2 1 1 1 2 2 2 2 1 
  7 | 1 1 2 1 1 1 2 2 2 2 1 1 
  8 | 1 1 1 2 1 2 2 1 1 1 1 1 
  9 | 1 1 1 1 1 2 1 2 2 1 1 1 
 10 | 1 1 1 1 1 1 2 1 2 2 1 1 
 11 | 2 2 2 2 2 2 2 2 2 2 2 1 
valid positions: 8


[13:03:59] Player 1 has 0 overrides and 0 bombs.
[13:03:59] Sending move request to player 1 with depth 9, time left: 0 msecs.
[13:03:59] Answer from player 1 for move 124 was (x,y,c) = (8,4,0); time left: 0 msecs.
      0 1 2 3 4 5 6 7 8 91011
    /------------------------
  0 | 0 0 0 1 0 1 0 2 0 2 0 1 
  1 | 2 0 0 0'1 2 2 2 2 2 2 1 
  2 | 1 2 2 2 0 1 0 2 0'2 0'1 
  3 | 1 1 2 2 2 1 1 2 1 2 1 1 
  4 | 1 1 2 2 1 2 0'1 1 1 1 1 
  5 | 1 1 1 1 2 1 2 1 1 1 2 1 
  6 | 1 1 1 2 1 1 1 2 2 2 1 1 
  7 | 1 1 2 1 1 1 2 2 2 2 1 1 
  8 | 1 1 1 2 1 2 2 1 1 1 1 1 
  9 | 1 1 1 1 1 2 1 2 2 1 1 1 
 10 | 1 1 1 1 1 1 2 1 2 2 1 1 
 11 | 2 2 2 2 2 2 2 2 2 2 2 1 
valid positions: 4


[13:03:59] Player 2 has 0 overrides and 0 bombs.
[13:03:59] Sending move request to player 2 with depth 9, time left: 0 msecs.
[13:04:00] Answer from player 2 for move 125 was (x,y,c) = (6,4,0); time left: 0 msecs.
      0 1 2 3 4 5 6 7 8 91011
    /------------------------
  0 | 0'0 0 1 0 1 0 2 0 2 0 1 
  1 | 2 0'0'0'1 2 2 2 2 2 2 1 
  2 | 1 2 2 2 0'1 0'2 0'2 0'1 
  3 | 1 1 2 2 2 1 1 2 1 2 1 1 
  4 | 1 1 2 2 1 2 2 1 1 1 1 1 
  5 | 1 1 1 1 2 1 2 2 1 1 2 1 
  6 | 1 1 1 2 1 1 1 2 2 2 1 1 
  7 | 1 1 2 1 1 1 2 2 2 2 1 1 
  8 | 1 1 1 2 1 2 2 1 1 1 1 1 
  9 | 1 1 1 1 1 2 1 2 2 1 1 1 
 10 | 1 1 1 1 1 1 2 1 2 2 1 1 
 11 | 2 2 2 2 2 2 2 2 2 2 2 1 
valid positions: 8


[13:04:00] Player 1 has 0 overrides and 0 bombs.
[13:04:00] Sending move request to player 1 with depth 9, time left: 0 msecs.
[13:04:00] Answer from player 1 for move 126 was (x,y,c) = (8,2,0); time left: 0 msecs.
      0 1 2 3 4 5 6 7 8 91011
    /------------------------
  0 | 0 0 0 1 0 1 0 2 0 2 0 1 
  1 | 2 0 0 0'1 2 2 2 2 2 2 1 
  2 | 1 2 2 2 0'1 0'2 1 2 0'1 
  3 | 1 1 2 2 2 1 1 1 1 1 1 1 
  4 | 1 1 2 2 1 2 1 1 1 1 1 1 
  5 | 1 1 1 1 2 1 2 2 1 1 2 1 
  6 | 1 1 1 2 1 1 1 2 2 2 1 1 
  7 | 1 1 2 1 1 1 2 2 2 2 1 1 
  8 | 1 1 1 2 1 2 2 1 1 1 1 1 
  9 | 1 1 1 1 1 2 1 2 2 1 1 1 
 10 | 1 1 1 1 1 1 2 1 2 2 1 1 
 11 | 2 2 2 2 2 2 2 2 2 2 2 1 
valid positions: 4


[13:04:00] Player 2 has 0 overrides and 0 bombs.
[13:04:00] Sending move request to player 2 with depth 9, time left: 0 msecs.
[13:04:01] Answer from player 2 for move 127 was (x,y,c) = (10,2,0); time left: 0 msecs.
      0 1 2 3 4 5 6 7 8 91011
    /------------------------
  0 | 0'0 0 1 0 1 0'2 0'2 0'1 
  1 | 2 0'0'0'1 2 2 2 2 2 2 1 
  2 | 1 2 2 2 0'1 0'2 1 2 2 1 
  3 | 1 1 2 2 2 1 1 1 1 2 2 1 
  4 | 1 1 2 2 1 2 1 1 2 1 2 1 
  5 | 1 1 1 1 2 1 2 2 1 1 2 1 
  6 | 1 1 1 2 1 1 1 2 2 2 1 1 
  7 | 1 1 2 1 1 1 2 2 2 2 1 1 
  8 | 1 1 1 2 1 2 2 1 1 1 1 1 
  9 | 1 1 1 1 1 2 1 2 2 1 1 1 
 10 | 1 1 1 1 1 1 2 1 2 2 1 1 
 11 | 2 2 2 2 2 2 2 2 2 2 2 1 
valid positions: 9


[13:04:01] Player 1 has 0 overrides and 0 bombs.
[13:04:01] Sending move request to player 1 with depth 9, time left: 0 msecs.
[13:04:01] Answer from player 1 for move 128 was (x,y,c) = (10,0,0); time left: 0 msecs.
      0 1 2 3 4 5 6 7 8 91011
    /------------------------
  0 | 0 0 0 1 0 1 0 2 0 2 1 1 
  1 | 2 0 0 0'1 2 2 2 2 1 1 1 
  2 | 1 2 2 2 0'1 0'2 1 2 1 1 
  3 | 1 1 2 2 2 1 1 1 1 2 1 1 
  4 | 1 1 2 2 1 2 1 1 2 1 1 1 
  5 | 1 1 1 1 2 1 2 2 1 1 1 1 
  6 | 1 1 1 2 1 1 1 2 2 2 1 1 
  7 | 1 1 2 1 1 1 2 2 2 2 1 1 
  8 | 1 1 1 2 1 2 2 1 1 1 1 1 
  9 | 1 1 1 1 1 2 1 2 2 1 1 1 
 10 | 1 1 1 1 1 1 2 1 2 2 1 1 
 11 | 2 2 2 2 2 2 2 2 2 2 2 1 
valid positions: 3


[13:04:01] Player 2 has 0 overrides and 0 bombs.
[13:04:01] Sending move request to player 2 with depth 9, time left: 0 msecs.
[13:04:01] Answer from player 2 for move 129 was (x,y,c) = (6,2,0); time left: 0 msecs.
      0 1 2 3 4 5 6 7 8 91011
    /------------------------
  0 | 0'0 0 1 0'1 0'2 0'2 1 1 
  1 | 2 0'0'0'1 2 2 2 2 1 1 1 
  2 | 1 2 2 2 0'1 2 2 1 2 1 1 
  3 | 1 1 2 2 2 1 2 2 1 2 1 1 
  4 | 1 1 2 2 1 2 2 1 2 1 1 1 
  5 | 1 1 1 1 2 1 2 2 1 1 1 1 
  6 | 1 1 1 2 1 1 1 2 2 2 1 1 
  7 | 1 1 2 1 1 1 2 2 2 2 1 1 
  8 | 1 1 1 2 1 2 2 1 1 1 1 1 
  9 | 1 1 1 1 1 2 1 2 2 1 1 1 
 10 | 1 1 1 1 1 1 2 1 2 2 1 1 
 11 | 2 2 2 2 2 2 2 2 2 2 2 1 
valid positions: 8


[13:04:01] Player 1 has 0 overrides and 0 bombs.
[13:04:01] Sending move request to player 1 with depth 9, time left: 0 msecs.
[13:04:01] Answer from player 1 for move 130 was (x,y,c) = (6,0,0); time left: 0 msecs.
      0 1 2 3 4 5 6 7 8 91011
    /------------------------
  0 | 0 0 0 1 0'1 1 2 0 2 1 1 
  1 | 2 0 0 0'1 2 1 1 2 1 1 1 
  2 | 1 2 2 2 0'1 1 2 1 2 1 1 
  3 | 1 1 2 2 2 1 1 2 1 2 1 1 
  4 | 1 1 2 2 1 2 1 1 2 1 1 1 
  5 | 1 1 1 1 2 1 1 2 1 1 1 1 
  6 | 1 1 1 2 1 1 1 2 2 2 1 1 
  7 | 1 1 2 1 1 1 2 2 2 2 1 1 
  8 | 1 1 1 2 1 2 2 1 1 1 1 1 
  9 | 1 1 1 1 1 2 1 2 2 1 1 1 
 10 | 1 1 1 1 1 1 2 1 2 2 1 1 
 11 | 2 2 2 2 2 2 2 2 2 2 2 1 
valid positions: 3


[13:04:01] Player 2 has 0 overrides and 0 bombs.
[13:04:01] Sending move request to player 2 with depth 9, time left: 0 msecs.
[13:04:01] Answer from player 2 for move 131 was (x,y,c) = (4,0,0); time left: 0 msecs.
      0 1 2 3 4 5 6 7 8 91011
    /------------------------
  0 | 0'0 0 1 2 2 2 2 0'2 1 1 
  1 | 2 0'0'0'1 2 1 1 2 1 1 1 
  2 | 1 2 2 2 0'1 1 2 1 2 1 1 
  3 | 1 1 2 2 2 1 1 2 1 2 1 1 
  4 | 1 1 2 2 1 2 1 1 2 1 1 1 
  5 | 1 1 1 1 2 1 1 2 1 1 1 1 
  6 | 1 1 1 2 1 1 1 2 2 2 1 1 
  7 | 1 1 2 1 1 1 2 2 2 2 1 1 
  8 | 1 1 1 2 1 2 2 1 1 1 1 1 
  9 | 1 1 1 1 1 2 1 2 2 1 1 1 
 10 | 1 1 1 1 1 1 2 1 2 2 1 1 
 11 | 2 2 2 2 2 2 2 2 2 2 2 1 
valid positions: 6


[13:04:01] Player 1 has 0 overrides and 0 bombs.
[13:04:01] Sending move request to player 1 with depth 9, time left: 0 msecs.
[13:04:02] Answer from player 1 for move 132 was (x,y,c) = (2,1,0); time left: 0 msecs.
      0 1 2 3 4 5 6 7 8 91011
    /------------------------
  0 | 0 0'0'1 2 2 2 2 0 2 1 1 
  1 | 2 0'1 0'1 2 1 1 2 1 1 1 
  2 | 1 1 1 1 0'1 1 2 1 2 1 1 
  3 | 1 1 1 2 1 1 1 2 1 2 1 1 
  4 | 1 1 1 2 1 1 1 1 2 1 1 1 
  5 | 1 1 1 1 2 1 1 2 1 1 1 1 
  6 | 1 1 1 2 1 1 1 2 2 2 1 1 
  7 | 1 1 2 1 1 1 2 2 2 2 1 1 
  8 | 1 1 1 2 1 2 2 1 1 1 1 1 
  9 | 1 1 1 1 1 2 1 2 2 1 1 1 
 10 | 1 1 1 1 1 1 2 1 2 2 1 1 
 11 | 2 2 2 2 2 2 2 2 2 2 2 1 
valid positions: 5


[13:04:02] Player 2 has 0 overrides and 0 bombs.
[13:04:02] Sending move request to player 2 with depth 9, time left: 0 msecs.
[13:04:02] Answer from player 2 for move 133 was (x,y,c) = (1,1,0); time left: 0 msecs.
      0 1 2 3 4 5 6 7 8 91011
    /------------------------
  0 | 0'0 0'1 2 2 2 2 0'2 1 1 
  1 | 2 2 1 0'1 2 1 1 2 1 1 1 
  2 | 1 2 2 1 0'1 1 2 1 2 1 1 
  3 | 1 2 1 2 1 1 1 2 1 2 1 1 
  4 | 1 2 1 2 1 1 1 1 2 1 1 1 
  5 | 1 2 1 1 2 1 1 2 1 1 1 1 
  6 | 1 2 1 2 1 1 1 2 2 2 1 1 
  7 | 1 2 2 1 1 1 2 2 2 2 1 1 
  8 | 1 2 1 2 1 2 2 1 1 1 1 1 
  9 | 1 2 1 1 1 2 1 2 2 1 1 1 
 10 | 1 2 1 1 1 1 2 1 2 2 1 1 
 11 | 2 2 2 2 2 2 2 2 2 2 2 1 
valid positions: 5


[13:04:02] Player 1 has 0 overrides and 0 bombs.
[13:04:02] Sending move request to player 1 with depth 9, time left: 0 msecs.
[13:04:02] Answer from player 1 for move 134 was (x,y,c) = (8,0,0); time left: 0 msecs.
      0 1 2 3 4 5 6 7 8 91011
    /------------------------
  0 | 0 0'0'1 1 1 1 1 1 1 1 1 
  1 | 2 2 1 0'1 2 1 1 1 1 1 1 
  2 | 1 2 2 1 0'1 1 2 1 2 1 1 
  3 | 1 2 1 2 1 1 1 2 1 2 1 1 
  4 | 1 2 1 2 1 1 1 1 2 1 1 1 
  5 | 1 2 1 1 2 1 1 2 1 1 1 1 
  6 | 1 2 1 2 1 1 1 2 2 2 1 1 
  7 | 1 2 2 1 1 1 2 2 2 2 1 1 
  8 | 1 2 1 2 1 2 2 1 1 1 1 1 
  9 | 1 2 1 1 1 2 1 2 2 1 1 1 
 10 | 1 2 1 1 1 1 2 1 2 2 1 1 
 11 | 2 2 2 2 2 2 2 2 2 2 2 1 
valid positions: 4


[13:04:02] Player 2 has 0 overrides and 0 bombs.
[13:04:02] Sending move request to player 2 with depth 9, time left: 0 msecs.
[13:04:02] Answer from player 2 for move 135 was (x,y,c) = (4,2,0); time left: 0 msecs.
      0 1 2 3 4 5 6 7 8 91011
    /------------------------
  0 | 0'0 0'1 1 1 1 1 1 1 1 1 
  1 | 2 2 1 0'1 2 1 1 1 1 1 1 
  2 | 1 2 2 2 2 2 2 2 1 2 1 1 
  3 | 1 2 1 2 2 2 1 2 1 2 1 1 
  4 | 1 2 1 2 2 1 2 1 2 1 1 1 
  5 | 1 2 1 1 2 1 1 2 1 1 1 1 
  6 | 1 2 1 2 1 1 1 2 2 2 1 1 
  7 | 1 2 2 1 1 1 2 2 2 2 1 1 
  8 | 1 2 1 2 1 2 2 1 1 1 1 1 
  9 | 1 2 1 1 1 2 1 2 2 1 1 1 
 10 | 1 2 1 1 1 1 2 1 2 2 1 1 
 11 | 2 2 2 2 2 2 2 2 2 2 2 1 
valid positions: 3


[13:04:02] Player 1 has 0 overrides and 0 bombs.
[13:04:02] Sending move request to player 1 with depth 9, time left: 0 msecs.
[13:04:02] Answer from player 1 for move 136 was (x,y,c) = (3,1,0); time left: 0 msecs.
      0 1 2 3 4 5 6 7 8 91011
    /------------------------
  0 | 0 0'0'1 1 1 1 1 1 1 1 1 
  1 | 2 2 1 1 1 2 1 1 1 1 1 1 
  2 | 1 2 1 1 1 2 2 2 1 2 1 1 
  3 | 1 1 1 1 2 1 1 2 1 2 1 1 
  4 | 1 2 1 1 2 1 1 1 2 1 1 1 
  5 | 1 2 1 1 2 1 1 1 1 1 1 1 
  6 | 1 2 1 2 1 1 1 2 1 2 1 1 
  7 | 1 2 2 1 1 1 2 2 2 1 1 1 
  8 | 1 2 1 2 1 2 2 1 1 1 1 1 
  9 | 1 2 1 1 1 2 1 2 2 1 1 1 
 10 | 1 2 1 1 1 1 2 1 2 2 1 1 
 11 | 2 2 2 2 2 2 2 2 2 2 2 1 
valid positions: 2


[13:04:02] Player 2 has 0 overrides and 0 bombs.
[13:04:02] Sending move request to player 2 with depth 9, time left: 0 msecs.
[13:04:02] Answer from player 2 for move 137 was (x,y,c) = (2,0,0); time left: 0 msecs.
      0 1 2 3 4 5 6 7 8 91011
    /------------------------
  0 | 0'0'2 1 1 1 1 1 1 1 1 1 
  1 | 2 2 2 1 1 2 1 1 1 1 1 1 
  2 | 1 2 2 1 1 2 2 2 1 2 1 1 
  3 | 1 1 2 1 2 1 1 2 1 2 1 1 
  4 | 1 2 2 1 2 1 1 1 2 1 1 1 
  5 | 1 2 2 1 2 1 1 1 1 1 1 1 
  6 | 1 2 2 2 1 1 1 2 1 2 1 1 
  7 | 1 2 2 1 1 1 2 2 2 1 1 1 
  8 | 1 2 1 2 1 2 2 1 1 1 1 1 
  9 | 1 2 1 1 1 2 1 2 2 1 1 1 
 10 | 1 2 1 1 1 1 2 1 2 2 1 1 
 11 | 2 2 2 2 2 2 2 2 2 2 2 1 
valid positions: 2


[13:04:02] Player 1 has 0 overrides and 0 bombs.
[13:04:02] Sending move request to player 1 with depth 9, time left: 0 msecs.
[13:04:02] Answer from player 1 for move 138 was (x,y,c) = (1,0,0); time left: 0 msecs.
      0 1 2 3 4 5 6 7 8 91011
    /------------------------
  0 | 0'1 1 1 1 1 1 1 1 1 1 1 
  1 | 2 1 1 1 1 2 1 1 1 1 1 1 
  2 | 1 1 2 1 1 2 2 2 1 2 1 1 
  3 | 1 1 2 1 2 1 1 2 1 2 1 1 
  4 | 1 2 2 1 2 1 1 1 2 1 1 1 
  5 | 1 2 2 1 2 1 1 1 1 1 1 1 
  6 | 1 2 2 2 1 1 1 2 1 2 1 1 
  7 | 1 2 2 1 1 1 2 2 2 1 1 1 
  8 | 1 2 1 2 1 2 2 1 1 1 1 1 
  9 | 1 2 1 1 1 2 1 2 2 1 1 1 
 10 | 1 2 1 1 1 1 2 1 2 2 1 1 
 11 | 2 2 2 2 2 2 2 2 2 2 2 1 
valid positions: 1


[13:04:02] Player 2 has 0 overrides and 0 bombs.
[13:04:02] Sending move request to player 2 with depth 9, time left: 0 msecs.
[13:04:02] Answer from player 2 for move 139 was (x,y,c) = (0,0,0); time left: 0 msecs.
      0 1 2 3 4 5 6 7 8 91011
    /------------------------
  0 | 2 1 1 1 1 1 1 1 1 1 1 1 
  1 | 2 2 1 1 1 2 1 1 1 1 1 1 
  2 | 1 1 2 1 1 2 2 2 1 2 1 1 
  3 | 1 1 2 1 2 1 1 2 1 2 1 1 
  4 | 1 2 2 1 2 1 1 1 2 1 1 1 
  5 | 1 2 2 1 2 1 1 1 1 1 1 1 
  6 | 1 2 2 2 1 1 1 2 1 2 1 1 
  7 | 1 2 2 1 1 1 2 2 2 1 1 1 
  8 | 1 2 1 2 1 2 2 1 1 1 1 1 
  9 | 1 2 1 1 1 2 1 2 2 1 1 1 
 10 | 1 2 1 1 1 1 2 1 2 2 1 1 
 11 | 2 2 2 2 2 2 2 2 2 2 2 1 
valid positions: 0

[13:04:02] Terminal state reached.


Scores:
Player 1: 91 points
Player 2: 53 points
[13:04:02] Final state reached.


Scores:
Player 1: 91 points
Player 2: 53 points
bye bye.
